sample_id	dedup_mapped_bases	avg_fragment_size	overlap_clipped_bases	minmapq20_bases
Cv102_REF_1_4_pe	1066190348	402.539494	1063065817	1063065817
Cv104_CHR_1_4_pe	1926179971	403.837148	1922121937	1922121937
Cv105_REF_1_4_pe	1522441593	403.535164	1519627265	1519627265
Cv112_REF_1_4_pe	1522979395	401.942244	1519009448	1519009448
count_bam_merged.sh: line 30: [: !=: unary operator expected
Cv115_CHR_1_4_pe	1953919496	NA	NA	1953919496
Cv121_CHR_1_4_pe	1637032145	402.892796	1633427455	1633427455
Cv125_CHR_1_4_pe	1277693038	400.067670	1270954526	1270954526
Cv128_CHR_1_4_pe	1177405340	398.209581	1171048223	1171048223
Cv129_CHR_1_4_pe	1402397227	397.342569	1397296505	1397296505
Cv133_REF_1_4_pe	2176874108	402.990881	2172034663	2172034663
Cv135_REF_1_4_pe	1691154693	394.917176	1683830874	1683830874
Cv136_CHR_1_4_pe	1877910266	396.490044	1869667628	1869667628
Cv139_CHR_1_4_pe	1090028375	392.850341	1079502755	1079502755
Cv142_CHR_1_4_pe	464260266	398.086349	460769733	460769733
Cv147_REF_1_4_pe	1110582435	406.496927	1108062538	1108062538
Cv150_CHR_1_4_pe	1137824751	401.639432	1133673072	1133673072
Cv15_CHR_1_4_pe	1916782615	398.296104	1910862880	1910862880
Cv161_REF_1_4_pe	1770743761	403.043579	1766942538	1766942538
Cv162_CHR_1_4_pe	1674707445	402.272548	1671184623	1671184623
Cv164_CHR_1_4_pe	2167575915	399.301176	2161195982	2161195982
Cv165_CHR_1_4_pe	2370059302	398.254963	2362668358	2362668358
Cv169_REF_1_4_pe	1706924368	403.976874	1703012216	1703012216
Cv171_REF_1_4_pe	1683533174	403.387568	1679885582	1679885582
Cv174_REF_1_4_pe	1693504843	403.523223	1690359824	1690359824
Cv178_REF_1_4_pe	1084782976	402.150652	1082654684	1082654684
Cv179_CHR_1_4_pe	1427225219	397.369791	1420710265	1420710265
Cv180_CHR_1_4_pe	2107161457	399.160179	2100637404	2100637404
Cv181_REF_1_4_pe	1426858052	401.989992	1423399996	1423399996
Cv183_REF_1_4_pe	1663406344	400.771495	1659639746	1659639746
Cv188_CHR_1_4_pe	2520686222	399.152197	2511769731	2511769731
Cv193_REF_1_4_pe	657024654	405.417126	655885700	655885700
Cv194_REF_1_4_pe	671366843	404.638590	670132046	670132046
Cv199_CHR_1_4_pe	443781855	404.391137	442917962	442917962
Cv19_CHR_1_4_pe	1804317907	403.691921	1800653357	1800653357
Cv203_REF_1_4_pe	1532134364	403.942743	1529390880	1529390880
Cv209_REF_1_4_pe	638621200	405.289338	637476344	637476344
Cv20_REF_1_4_pe	1466617516	400.954881	1458763861	1458763861
Cv213_REF_1_4_pe	2173580204	400.289230	2168037383	2168037383
Cv214_REF_1_4_pe	227325972	406.924628	226897073	226897073
Cv216_CHR_1_4_pe	2019005291	402.660504	2013390206	2013390206
Cv218_REF_1_4_pe	764419392	396.662598	758737116	758737116
Cv220_CHR_1_4_pe	2668134679	403.421085	2662927625	2662927625
Cv226_REF_1_4_pe	1913644755	401.635131	1909334396	1909334396
Cv230_CHR_1_4_pe	2035545168	400.587646	2031512521	2031512521
Cv240_CHR_1_4_pe	1495465112	403.728528	1492067056	1492067056
Cv241_CHR_1_4_pe	1936576427	398.981286	1931509381	1931509381
Cv242_CHR_1_4_pe	2271994866	400.313211	2266498952	2266498952
Cv243_REF_1_4_pe	1965014061	401.276168	1960941394	1960941394
Cv247_CHR_1_4_pe	1613234584	398.836314	1606490005	1606490005
Cv249_CHR_1_4_pe	2207309368	401.739961	2201940200	2201940200
Cv257_REF_1_4_pe	2126341580	400.706680	2119866898	2119866898
Cv259_CHR_1_4_pe	1645336203	404.327981	1641512091	1641512091
Cv261_REF_1_4_pe	1911468728	399.623651	1906936738	1906936738
Cv263_CHR_1_4_pe	1950572367	398.160053	1942967995	1942967995
Cv268_REF_1_4_pe	1153442293	404.555029	1151981100	1151981100
Cv270_CHR_1_4_pe	1626246141	405.104768	1622621243	1622621243
Cv275_REF_1_4_pe	1990180869	402.368910	1986318983	1986318983
Cv277_CHR_1_4_pe	234958079	397.468508	233082896	233082896
Cv278_REF_1_4_pe	1662432628	401.011692	1658550613	1658550613
Cv279_CHR_1_4_pe	1818721709	403.475267	1814202205	1814202205
Cv27_REF_1_4_pe	1426481077	402.367070	1422847045	1422847045
Cv283_REF_1_4_pe	1402507864	401.014722	1398942835	1398942835
Cv28_CHR_1_4_pe	1847216517	402.823913	1843024348	1843024348
Cv290_CHR_1_4_pe	1804839503	405.446037	1801602242	1801602242
Cv294_CHR_1_4_pe	2126509353	404.402283	2122633811	2122633811
Cv295_REF_1_4_pe	2528517900	401.192051	2521462815	2521462815
Cv299_CHR_1_4_pe	1799298355	402.120236	1791614029	1791614029
Cv300_CHR_1_4_pe	1742256664	404.081203	1738676304	1738676304
Cv301_REF_1_4_pe	1729520081	402.593025	1725384282	1725384282
Cv304_CHR_1_4_pe	1755544627	405.752733	1752301138	1752301138
Cv305_REF_1_4_pe	1899143634	399.878891	1893190386	1893190386
Cv311_CHR_1_4_pe	2355285409	403.886419	2350958983	2350958983
Cv315_REF_1_4_pe	1972598712	400.781295	1968209931	1968209931
Cv316_CHR_1_4_pe	1834930334	403.237805	1831280926	1831280926
Cv318_CHR_1_4_pe	2251125461	400.884761	2246376699	2246376699
Cv321_REF_1_4_pe	1424799073	403.667611	1420767113	1420767113
Cv326_CHR_1_4_pe	1663797191	405.105726	1659765304	1659765304
Cv328_REF_1_4_pe	1310894520	404.800453	1307927998	1307927998
Cv330_REF_1_4_pe	1812011822	402.150192	1808107576	1808107576
Cv331_CHR_1_4_pe	2712729296	400.075635	2702336187	2702336187
Cv332_REF_1_4_pe	1536206361	403.768431	1533167391	1533167391
Cv33_REF_1_4_pe	2023204636	397.909136	2016716781	2016716781
Cv348_CHR_1_4_pe	1459479767	404.903737	1454518799	1454518799
Cv35_REF_1_4_pe	1358385429	403.479032	1354855926	1354855926
Cv39_REF_1_4_pe	1588651252	401.593321	1584271930	1584271930
Cv41_CHR_1_4_pe	1498448395	402.976416	1495191135	1495191135
Cv42_REF_1_4_pe	201784591	405.047746	200681326	200681326
Cv44_CHR_1_4_pe	1549581108	403.042499	1545972728	1545972728
Cv47_CHR_1_4_pe	1787102792	402.461083	1783445736	1783445736
Cv50_REF_1_4_pe	1449493386	403.580035	1445281379	1445281379
Cv54_REF_1_4_pe	1589241100	399.673604	1583208342	1583208342
Cv56_CHR_1_4_pe	1784737301	404.372498	1779550875	1779550875
Cv5785_01_NY_1_4_pe	1288207874	395.341439	1279585667	1279585667
Cv5785_02_NY_1_4_pe	1384395608	395.535156	1375351692	1375351692
Cv5785_03_NY_1_4_pe	1607167981	394.109256	1594866689	1594866689
Cv5785_04_NY_1_4_pe	337733857	393.591658	334258735	334258735
Cv5785_05_NY_1_4_pe	1423844791	394.612547	1412792361	1412792361
Cv5785_06_NY_1_4_pe	1651461187	400.477894	1647680008	1647680008
Cv5785_07_NY_1_4_pe	1351020412	405.596238	1348828291	1348828291
Cv5785_08_NY_1_4_pe	380044370	400.520488	377878307	377878307
Cv5785_09_NY_1_4_pe	1342540510	401.136007	1339408175	1339408175
Cv5785_10_NY_1_4_pe	1140655552	405.871494	1138573702	1138573702
Cv5785_11_NY_1_4_pe	1685437041	403.432452	1682498640	1682498640
Cv5785_12_NY_1_4_pe	1358713453	405.245143	1356251416	1356251416
Cv5785_13_NY_1_4_pe	2093436823	402.869262	2089343854	2089343854
Cv5785_14_NY_1_4_pe	1028132694	406.567977	1026360054	1026360054
Cv5785_15_NY_1_4_pe	861064565	405.701143	859925842	859925842
Cv5785_16_NY_1_4_pe	1784239211	404.898306	1780148198	1780148198
Cv5785_17_NY_1_4_pe	2970919428	399.989559	2963039269	2963039269
Cv5785_18_NY_1_4_pe	1385628571	404.256807	1381019837	1381019837
Cv5785_19_NY_1_4_pe	1321988089	405.331192	1317187169	1317187169
Cv5785_20_NY_1_4_pe	3034347135	402.044864	3027956100	3027956100
Cv5785_21_NY_1_4_pe	2033262518	401.221432	2029053768	2029053768
Cv5785_22_NY_1_4_pe	1135744214	407.551822	1133476400	1133476400
Cv5785_23_NY_1_4_pe	749585092	407.697685	747176976	747176976
Cv5785_24_NY_1_4_pe	2073187240	403.954380	2069298953	2069298953
Cv5785_25_NY_1_4_pe	1670221282	406.089132	1667386385	1667386385
Cv5785_26_NY_1_4_pe	1249443050	405.512311	1246914901	1246914901
Cv5785_27_NY_1_4_pe	1339365395	406.587511	1336163528	1336163528
Cv5785_28_NY_1_4_pe	1438202908	406.840889	1435226412	1435226412
Cv5785_29_NY_1_4_pe	1738757993	405.458578	1735315425	1735315425
Cv5785_30_NY_1_4_pe	2398978011	398.814218	2393717738	2393717738
Cv5786_01_NY_1_4_pe	923854622	406.675216	922028168	922028168
Cv5786_02_NY_1_4_pe	1423415837	403.932828	1419343504	1419343504
Cv5786_03_NY_1_4_pe	862317163	408.240516	860875732	860875732
Cv5786_04_NY_1_4_pe	892804584	408.211124	891068838	891068838
Cv5786_05_NY_1_4_pe	296986618	406.093541	295672536	295672536
Cv5786_06_NY_1_4_pe	1023505324	407.936522	1021630863	1021630863
Cv5786_07_NY_1_4_pe	1515320683	403.888710	1512340802	1512340802
Cv5786_08_NY_1_4_pe	1011883257	406.775241	1009908973	1009908973
Cv5786_09_NY_1_4_pe	1386886100	403.046767	1383818823	1383818823
Cv5786_10_NY_1_4_pe	1377552364	406.635315	1375186858	1375186858
Cv5786_11_NY_1_4_pe	1208058595	406.663231	1205863404	1205863404
Cv5786_12_NY_1_4_pe	1889547697	402.540395	1885723299	1885723299
Cv5786_13_NY_1_4_pe	2049409108	402.753359	2044876139	2044876139
Cv5786_14_NY_1_4_pe	1530264774	400.984110	1527189972	1527189972
Cv5786_15_NY_1_4_pe	1317401542	401.332859	1314391270	1314391270
Cv5786_16_NY_1_4_pe	1339580289	406.106840	1336667289	1336667289
Cv5786_17_NY_1_4_pe	2147372137	399.555110	2139853859	2139853859
Cv5786_18_NY_1_4_pe	2558679785	402.849112	2552228244	2552228244
Cv5786_19_NY_1_4_pe	2500728037	403.447675	2495816431	2495816431
Cv5786_20_NY_1_4_pe	2261972985	399.625480	2257435366	2257435366
Cv5786_21_NY_1_4_pe	1850525731	404.820096	1846997676	1846997676
Cv5786_22_NY_1_4_pe	763954787	406.358907	761218239	761218239
Cv5786_23_NY_1_4_pe	983096491	405.943650	979751235	979751235
Cv5786_24_NY_1_4_pe	548181397	406.889087	546146685	546146685
Cv5786_25_NY_1_4_pe	999375025	406.715343	996833301	996833301
Cv5786_26_NY_1_4_pe	2211093111	398.810876	2205518053	2205518053
Cv5786_27_NY_1_4_pe	1170293648	405.173980	1166579938	1166579938
Cv5786_28_NY_1_4_pe	1379971005	405.441098	1376983250	1376983250
Cv5786_29_NY_1_4_pe	1314373890	404.990517	1312000540	1312000540
Cv5786_30_NY_1_4_pe	2696564693	396.697371	2687313494	2687313494
Cv5_REF_1_4_pe	770274118	398.855152	763572582	763572582
Cv63_REF_1_4_pe	1139993660	403.750814	1138644747	1138644747
Cv64_REF_1_4_pe	1360820798	402.420254	1356042482	1356042482
Cv68_REF_1_4_pe	2087927416	394.979839	2077381336	2077381336
Cv69_REF_1_4_pe	456401202	409.531415	455095767	455095767
Cv72_CHR_1_4_pe	1920162910	402.661573	1915774921	1915774921
Cv76_REF_1_4_pe	960464009	401.433173	957151465	957151465
Cv78_CHR_1_4_pe	2489240932	397.694820	2482015023	2482015023
Cv82_REF_1_4_pe	1928138605	402.719405	1923434541	1923434541
Cv87_CHR_1_4_pe	1295963248	403.194692	1293316271	1293316271
HH13a_01_CT_1_4_pe	1591684215	401.028403	1588495295	1588495295
HH13a_02_CT_1_4_pe	1400041902	403.164282	1397338322	1397338322
HH13a_03_CT_1_4_pe	1450936592	402.381379	1448030624	1448030624
HH13a_04_CT_1_4_pe	1625339120	401.531117	1621816719	1621816719
HH13a_05_CT_1_4_pe	1727399044	402.914639	1724101186	1724101186
HH13a_06_CT_1_4_pe	1505320560	405.193171	1502667258	1502667258
HH13a_07_CT_1_4_pe	1563462286	402.826532	1560673926	1560673926
HH13a_08_CT_1_4_pe	1385253003	405.861631	1382774995	1382774995
HH13a_09_CT_1_4_pe	1160890259	403.380405	1158849031	1158849031
HH13a_10_CT_1_4_pe	2133425480	398.968627	2127916207	2127916207
HH13a_11_CT_1_4_pe	1401778925	403.671085	1399030286	1399030286
HH13a_12_CT_1_4_pe	1793882622	400.889069	1789924562	1789924562
