sample_id	mapped_bases	qual_filtered_mapped_bases
Cv35_REF_1_4	3124088400	1769421004
Cv39_REF_1_4	3832629618	2121514492
Cv42_REF_1_4	389427705	219552831
Cv5_REF_1_4	1673824559	942680131
Cv50_REF_1_4	3401821588	1932757508
Cv54_REF_1_4	3613686887	2025976224
Cv63_REF_1_4	2569351750	1425663676
Cv64_REF_1_4	3279467256	1839039594
Cv68_REF_1_4	5063951313	2829679541
Cv69_REF_1_4	1035588578	578609659
Runtime: 0:27:11 (hh:mm:ss)
sample_id	mapped_bases	qual_filtered_mapped_bases
Cv76_REF_1_4	2186334328	1233674430
Cv82_REF_1_4	4815773437	2666828340
Cv5785_01_NY_1_4	3110777565	1749683512
Cv5785_02_NY_1_4	3224882130	1812957222
Cv5785_03_NY_1_4	3802807819	2147593853
Cv5785_04_NY_1_4	681142567	376306075
Cv5785_05_NY_1_4	3179423483	1810738747
Cv5785_06_NY_1_4	4154347260	2300184086
Cv5785_07_NY_1_4	3129959953	1787769765
Cv5785_08_NY_1_4	811808774	457806217
Runtime: 0:27:53 (hh:mm:ss)
sample_id	mapped_bases	qual_filtered_mapped_bases
Cv5785_09_NY_1_4	3200060033	1798444971
Cv5785_10_NY_1_4	2560433963	1468598541
Cv5785_11_NY_1_4	3926429559	2225160976
Cv5785_12_NY_1_4	3146872792	1778547835
Cv5785_13_NY_1_4	5386535307	3016444398
Cv5785_14_NY_1_4	2365425379	1341596297
Cv5785_15_NY_1_4	1861473881	1069271992
Cv5785_16_NY_1_4	4212697862	2405874616
Cv5785_17_NY_1_4	7210395258	4053720018
Cv5785_18_NY_1_4	3149419812	1793757364
Runtime: 0:35:6 (hh:mm:ss)
sample_id	mapped_bases	qual_filtered_mapped_bases
Cv5785_19_NY_1_4	3014165692	1697083778
Cv5785_20_NY_1_4	7416580277	4215012282
Cv5785_21_NY_1_4	4740882393	2705539675
Cv5785_22_NY_1_4	2642900195	1494513073
Cv5785_23_NY_1_4	1689424300	948730376
Cv5785_24_NY_1_4	4883207975	2740825274
Cv5785_25_NY_1_4	3919923110	2241393869
Cv5785_26_NY_1_4	2913028802	1646215778
Cv5785_27_NY_1_4	3400033678	1860991754
Cv5785_28_NY_1_4	3494867664	1974628888
Runtime: 0:35:41 (hh:mm:ss)
sample_id	mapped_bases	qual_filtered_mapped_bases
Cv5785_29_NY_1_4	4063565677	2315695074
Cv5785_30_NY_1_4	5890328952	3358379973
Cv5786_01_NY_1_4	2180138137	1228362978
Cv5786_02_NY_1_4	3963291922	2243665490
Cv5786_03_NY_1_4	1944913104	1097269577
Cv5786_04_NY_1_4	2034513981	1150450811
Cv5786_05_NY_1_4	614472741	346424705
Cv5786_06_NY_1_4	2335020431	1322941709
Cv5786_07_NY_1_4	3702434123	2088288085
Cv5786_08_NY_1_4	2341091210	1333877220
Runtime: 0:27:58 (hh:mm:ss)
sample_id	mapped_bases	qual_filtered_mapped_bases
Cv5786_09_NY_1_4	3401410614	1946813843
Cv5786_10_NY_1_4	3194911442	1819534707
Cv5786_11_NY_1_4	2840433782	1600249133
Cv5786_12_NY_1_4	4625155550	2619935341
Cv5786_13_NY_1_4	5210010669	2941498382
Cv5786_14_NY_1_4	3626223458	2079005545
Cv5786_15_NY_1_4	2971140428	1699668738
Cv5786_16_NY_1_4	3176395216	1796001392
Cv5786_17_NY_1_4	5081780520	2868203285
Cv5786_18_NY_1_4	6193594675	3566990887
Runtime: 0:37:33 (hh:mm:ss)
sample_id	mapped_bases	qual_filtered_mapped_bases
Cv5786_19_NY_1_4	6092807162	3450417748
Cv5786_20_NY_1_4	5432604803	3090421111
Cv5786_21_NY_1_4	4449782841	2522929856
Cv5786_22_NY_1_4	1723548450	962906212
Cv5786_23_NY_1_4	2277129994	1274603252
Cv5786_24_NY_1_4	1210296359	687242669
Cv5786_25_NY_1_4	2263024794	1303316656
Cv5786_26_NY_1_4	5219079846	2966644986
Cv5786_27_NY_1_4	2683907974	1534294510
Cv5786_28_NY_1_4	3308303378	1868821099
Runtime: 0:32:59 (hh:mm:ss)
sample_id	mapped_bases	qual_filtered_mapped_bases
Cv5786_29_NY_1_4	3107360181	1748572317
Cv5786_30_NY_1_4	6798268361	3828586633
HH13a_01_CT_1_4	3798715274	2133398826
HH13a_02_CT_1_4	3404116572	1891297945
HH13a_03_CT_1_4	3536616187	1965060999
HH13a_04_CT_1_4	3956483689	2190494592
HH13a_05_CT_1_4	4004279876	2248679989
HH13a_06_CT_1_4	3591067901	2008080145
HH13a_07_CT_1_4	3757587829	2104982527
HH13a_08_CT_1_4	3273741506	1837212456
Runtime: 0:36:41 (hh:mm:ss)
sample_id	mapped_bases	qual_filtered_mapped_bases
HH13a_09_CT_1_4	2784462994	1561275236
HH13a_10_CT_1_4	5335093007	2972324350
HH13a_11_CT_1_4	3449491330	1927383918
HH13a_12_CT_1_4	4352977299	2440154355
HH13a_13_CT_1_4	4398066165	2455632513
HH13a_14_CT_1_4	4829326734	2705305729
HH13a_15_CT_1_4	4223036232	2360514226
HH13a_16_CT_1_4	1982615370	1130862878
HH13a_17_CT_1_4	3445857620	1923888046
HH13a_18_CT_1_4	3430535681	1903581979
Runtime: 0:35:42 (hh:mm:ss)
sample_id	mapped_bases	qual_filtered_mapped_bases
HH13a_19_CT_1_4	5863971403	3272492006
HH13a_20_CT_1_4	4819286112	2699826822
HH13a_21_CT_1_4	3821514907	2105785076
HH13a_22_CT_1_4	5923023969	3292419375
HH13a_23_CT_1_4	6159719401	3463509094
HH13a_24_CT_1_4	5570797733	3081863221
HH13a_25_CT_1_4	3046828478	1696034275
Runtime: 0:32:55 (hh:mm:ss)
sample_id	mapped_bases	qual_filtered_mapped_bases
Cv104_CHR_1_4	5082909612	2809067070
Cv115_CHR_1_4	4678269761	2639632617
Cv121_CHR_1_4	3970206157	2209634412
Cv125_CHR_1_4	3028883674	1676632057
Cv128_CHR_1_4	2825459374	1530939273
Cv129_CHR_1_4	3347190156	1885400188
Cv136_CHR_1_4	4883845754	2696790274
Cv139_CHR_1_4	2473089973	1366520592
Cv142_CHR_1_4	985644156	544660252
Cv15_CHR_1_4	4713167754	2627353578
Runtime: 0:31:10 (hh:mm:ss)
sample_id	mapped_bases	qual_filtered_mapped_bases
Cv150_CHR_1_4	2617450898	1464369587
Cv162_CHR_1_4	4065434705	2288713025
Cv164_CHR_1_4	5157045570	2914334555
Cv165_CHR_1_4	6644291171	3675978322
Cv179_CHR_1_4	3456890808	1910817372
Cv180_CHR_1_4	5256102456	2905005718
Cv188_CHR_1_4	8916632798	4890568464
Cv19_CHR_1_4	4418900361	2496791510
Cv199_CHR_1_4	1064783866	585060607
Cv216_CHR_1_4	5328885206	2950369409
Runtime: 0:42:14 (hh:mm:ss)
sample_id	mapped_bases	qual_filtered_mapped_bases
Cv220_CHR_1_4	7163117460	3957959384
Cv230_CHR_1_4	4930361261	2778927817
Cv240_CHR_1_4	3526018096	1974506905
Cv241_CHR_1_4	5134767489	2820118838
Cv242_CHR_1_4	5531443211	3108457205
Cv247_CHR_1_4	4015878746	2222642553
Cv249_CHR_1_4	5520001382	3090939405
Cv259_CHR_1_4	3873101519	2173839154
Cv263_CHR_1_4	4566106493	2548822347
Cv270_CHR_1_4	3928344170	2190121274
Runtime: 0:43:30 (hh:mm:ss)
sample_id	mapped_bases	qual_filtered_mapped_bases
Cv277_CHR_1_4	494619183	275999301
Cv279_CHR_1_4	4296531089	2392682686
Cv28_CHR_1_4	4545082448	2540020624
Cv290_CHR_1_4	4360337196	2446477924
Cv294_CHR_1_4	5307198138	2992223849
Cv299_CHR_1_4	4243105002	2358144071
Cv300_CHR_1_4	4071457102	2287471521
Cv304_CHR_1_4	4256057751	2363422366
Cv311_CHR_1_4	5978723785	3368224150
Cv316_CHR_1_4	4373593066	2456499554
Runtime: 0:38:41 (hh:mm:ss)
sample_id	mapped_bases	qual_filtered_mapped_bases
Cv318_CHR_1_4	5356827497	3016693252
Cv326_CHR_1_4	4599635075	2510675616
Cv331_CHR_1_4	7043511767	3848248581
Cv348_CHR_1_4	3302817603	1887738172
Cv41_CHR_1_4	3618704874	2015686595
Cv44_CHR_1_4	3812126012	2122102215
Cv47_CHR_1_4	4578849211	2599913227
Cv56_CHR_1_4	4850934622	2663953913
Cv72_CHR_1_4	5189667393	2810435843
Cv78_CHR_1_4	6451842873	3570212063
Runtime: 0:43:45 (hh:mm:ss)
sample_id	mapped_bases	qual_filtered_mapped_bases
Cv87_CHR_1_4	3055869010	1722500508
Cv102_REF_1_4	2497762196	1391377046
Cv105_REF_1_4	3703704927	2089078905
Cv112_REF_1_4	3473528587	1984944236
Cv133_REF_1_4	5563450217	3105575154
Cv135_REF_1_4	5010182043	2710191334
Cv147_REF_1_4	2583166195	1446248896
Cv161_REF_1_4	4181909080	2350866785
Cv169_REF_1_4	4326431695	2374120084
Cv171_REF_1_4	4497470026	2511670474
Runtime: 0:36:17 (hh:mm:ss)
sample_id	mapped_bases	qual_filtered_mapped_bases
Cv174_REF_1_4	4166864408	2301373171
Cv178_REF_1_4	2371922387	1342000810
Cv181_REF_1_4	3303313162	1793458100
Cv183_REF_1_4	4065810857	2276182008
Cv193_REF_1_4	1719290196	963016081
Cv194_REF_1_4	1875132187	1053589502
Cv20_REF_1_4	3809605108	2068668681
Cv203_REF_1_4	3654903039	2038340702
Cv209_REF_1_4	1547257234	870945374
Cv213_REF_1_4	5328472088	2940746372
Runtime: 0:30:30 (hh:mm:ss)
sample_id	mapped_bases	qual_filtered_mapped_bases
Cv214_REF_1_4	682867916	375141940
Cv218_REF_1_4	1706828918	958967743
Cv226_REF_1_4	4510340827	2539763700
Cv243_REF_1_4	4755587279	2693066601
Cv257_REF_1_4	6945105094	3809116324
Cv261_REF_1_4	4667874616	2608429880
Cv268_REF_1_4	2485461455	1362268732
Cv27_REF_1_4	3271225307	1848354426
Cv275_REF_1_4	4783837230	2662284795
Cv278_REF_1_4	3972644911	2234561682
Runtime: 0:35:34 (hh:mm:ss)
sample_id	mapped_bases	qual_filtered_mapped_bases
Cv283_REF_1_4	3381329727	1884488237
Cv295_REF_1_4	6885579988	3768571677
Cv301_REF_1_4	4330577490	2388753069
Cv305_REF_1_4	4510619993	2512137534
Cv315_REF_1_4	4650862189	2598626852
Cv321_REF_1_4	3455795958	1918100305
Cv328_REF_1_4	3097622878	1728631950
Cv33_REF_1_4	5044132887	2826241505
Cv330_REF_1_4	4275718557	2379782903
Cv332_REF_1_4	3590712252	2011484574
Runtime: 0:39:40 (hh:mm:ss)
