sample_id	mapped_bases	qual_filtered_mapped_bases
ARN0419_030_ARN_1_1	28543163	15954645
ARN0419_033_ARN_1_1	391331774	220516438
ARN0419_037_ARN_1_1	159577725	89718294
ARN0419_040_ARN_1_1	627151648	350145745
ARN0419_020_ARN_1_1	923939336	516702420
ARN0419_027_ARN_1_1	914528836	516179560
ARN0419_048_ARN_1_1	808167748	449787543
ARN0419_049_ARN_1_1	16756	9707
COH0419_031_COH_1_1	757410539	421316114
COH0419_035_COH_1_1	944455774	521113191
COH0419_036_COH_1_1	828390183	452403328
COH0419_037_COH_1_1	1988941095	1085728224
COH0419_038_COH_1_1	2651226572	1457028751
COH0419_023_COH_1_1	862902943	484764543
COH0419_024_COH_1_1	878276398	498902073
COH0419_026_COH_1_1	1029383802	577916049
COH0419_029_COH_1_1	535172760	300021641
COH0419_043_COH_1_1	13835	7497
COH0419_047_COH_1_1	7064	4598
HC0419_017_HC_1_1	353140848	195854434
HC0419_023_HC_1_1	4100023523	2300952151
HC0419_030_HC_1_1	2051204655	1152338019
HC0419_031_HC_1_1	2371447316	1317976682
HC0419_033_HC_1_1	1816242586	1005024095
HC0419_034_HC_1_1	2594805607	1447323590
HC0419_035_HC_1_1	1039099155	579658399
HC0419_038_HC_1_1	1551820164	867494784
HC0419_039_HC_1_1	1310981190	729178065
HC0419_040_HC_1_1	1123957507	631323046
HC0419_041_HC_1_1	599569652	334737141
HC0419_042_HC_1_1	1780484504	997048222
HC0419_043_HC_1_1	472655708	263648007
HC0419_045_HC_1_1	1790552657	1006585068
HC0419_046_HC_1_1	1162211436	653223831
HC0419_057_HC_1_1	1139451078	637580002
HC0419_058_HC_1_1	794022686	445162834
HC0419_059_HC_1_1	317072362	176999284
HC0419_066_HC_1_1	1389321467	776936616
HC0419_067_HC_1_1	676937287	380176259
NB0419_016_NB_1_1	776783928	432267039
NB0419_017_NB_1_1	341147866	189652632
NB0419_019_NB_1_1	440245742	245680171
NB0419_003_NB_1_1	904272669	507198597
NB0419_008_NB_1_1	1306912058	733063743
NB0419_030_NB_1_1	589821610	328889533
NB0419_034_NB_1_1	2340832094	1298492280
NB0419_046_NB_1_1	1141021629	630648499
NB0419_049_NB_1_1	2100351648	1182751934
NB0419_050_NB_1_1	920437537	518824935
SR0419_031_SR_1_1	1827529684	1009046651
SR0419_027_SR_1_1	1881726353	1055461969
SR0419_033_SR_1_1	583123198	323745664
SR0419_034_SR_1_1	513421291	284240381
SR0419_035_SR_1_1	1107101114	624004399
SR0419_041_SR_1_1	851542775	470700826
SR0419_042_SR_1_1	1249742219	701070161
SR0419_045_SR_1_1	1160924356	649358157
SR0419_046_SR_1_1	747676940	419388816
SR0719ch_123_CHR_1_1	545346201	300873861
SR0719ch_131_CHR_1_1	905162158	502707567
SR0719ch_294_CHR_1_1	1150754719	644571882
SR0719r_193_REF_1_1	175330360	98360286
SR0719r_257_REF_1_1	927879142	517033663
SR0719r_260_REF_1_1	278250326	155367510
SR0719r_265_REF_1_1	761585170	421634055
SR0719r_266_REF_1_1	1202926408	670205092
SR0719r_276_REF_1_1	1261373613	704961111
SR0719r_034_REF_1_1	1124256824	630511770
SR0719r_051_REF_1_1	811996023	450542032
SR0719r_056_REF_1_1	407329429	230961159
SR0719r_061_REF_1_1	1027288318	573366195
SR0719r_075_REF_1_1	1914470584	1077062024
SR0719r_095_REF_1_1	545575565	306457067
SR0719r_403_REF_1_1	417777559	234552300
SR0719r_404_REF_1_1	206744229	115925720
SR0719r_406_REF_1_1	311956771	172911935
SR0719r_413_REF_1_1	81035095	45405740
SR0719r_415_REF_1_1	61006774	33833535
SR0719r_418_REF_1_1	1662667165	932912634
SR0719r_419_REF_1_1	1124571431	629362493
SR0719r_420_REF_1_1	395391948	224130854
SR0719r_422_REF_1_1	286349321	162195776
SR0719r_423_REF_1_1	39016766	21892288
SR0719r_424_REF_1_1	2240469029	1258536020
SR0719r_425_REF_1_1	1231206014	693343177
SR0719r_426_REF_1_1	186336947	104338244
SR0719r_427_REF_1_1	510867677	285861818
Runtime: 1:25:3 (hh:mm:ss)
sample_id	mapped_bases	qual_filtered_mapped_bases
ARN0419_002_ARN_1_2	2215093585	1223153260
ARN0419_019_ARN_1_2	720446363	396403678
ARN0419_035_ARN_1_2	736572030	405821247
ARN0419_045_ARN_1_2	4311655336	2392722079
ARN0419_046_ARN_1_2	2058933570	1149838737
ARN0419_050_ARN_1_2	810412985	455174420
COH0419_007_COH_1_2	632772792	350479662
COH0419_017_COH_1_2	2553613832	1416761081
COH0419_019_COH_1_2	1800920458	1012065380
COH0419_027_COH_1_2	650034135	360257967
COH0419_042_COH_1_2	1626538730	889775068
COH0419_044_COH_1_2	1360941930	749676826
COH0419_045_COH_1_2	789426851	437232962
COH0419_046_COH_1_2	1469865877	818754996
COH0419_048_COH_1_2	2145667271	1199228416
HC0419_004_HC_1_2	798934915	442309778
HC0419_005_HC_1_2	1206653447	661419464
HC0419_012_HC_1_2	215602889	116525808
HC0419_032_HC_1_2	2590089889	1432685234
HC0419_047_HC_1_2	1878389060	1051535662
HC0419_048_HC_1_2	1973029164	1105684182
HC0419_062_HC_1_2	935109636	523123617
HC0419_064_HC_1_2	1733686006	978591711
HC0419_065_HC_1_2	1631689473	915114681
NB0419_001_NB_1_2	1369349848	758077874
NB0419_002_NB_1_2	654328943	364621160
NB0419_004_NB_1_2	2018094334	1130889728
NB0419_005_NB_1_2	582659305	323857938
NB0419_011_NB_1_2	1407288734	781126811
NB0419_020_NB_1_2	377011801	208952404
NB0419_027_NB_1_2	447290607	248353631
NB0419_029_NB_1_2	1174265802	645184180
NB0419_031_NB_1_2	1433627053	796002531
NB0419_033_NB_1_2	2016388800	1118958016
NB0419_035_NB_1_2	1609350334	888377974
NB0419_045_NB_1_2	1466574660	802788889
SR0419_009_SR_1_2	1602910643	884815650
SR0419_025_SR_1_2	1451636038	794805329
SR0419_028_SR_1_2	1043350459	579596679
SR0419_032_SR_1_2	992725291	549868331
SR0419_038_SR_1_2	1845986265	1024873365
SR0419_039_SR_1_2	2260483856	1256162843
SR0419_040_SR_1_2	1654875414	920175677
SR0419_047_SR_1_2	493208024	275761964
SR0419_048_SR_1_2	537885314	295959816
SR0719ch_008_CHR_1_2	849481762	473386492
SR0719ch_016_CHR_1_2	591792240	331705056
SR0719ch_017_CHR_1_2	481426130	269014184
SR0719ch_022_CHR_1_2	765610302	406689555
SR0719ch_044_CHR_1_2	516594186	287162268
SR0719ch_066_CHR_1_2	500320432	274448833
SR0719ch_074_CHR_1_2	1059615375	588034530
SR0719ch_099_CHR_1_2	783683074	435338454
SR0719ch_103_CHR_1_2	1059905295	587934433
SR0719ch_119_CHR_1_2	675301710	376455081
SR0719ch_129_CHR_1_2	723438632	405445376
SR0719ch_138_CHR_1_2	959227690	530176524
SR0719ch_147_CHR_1_2	536920972	295302225
SR0719ch_169_CHR_1_2	1044597235	582529291
SR0719ch_181_CHR_1_2	1010594252	560106771
SR0719ch_201_CHR_1_2	760808658	418973109
SR0719ch_228_CHR_1_2	560280580	308930441
SR0719ch_248_CHR_1_2	921792389	507810393
SR0719ch_317_CHR_1_2	933482391	517202990
SR0719ch_324_CHR_1_2	589365464	325142730
SR0719ch_327_CHR_1_2	9392789	4705433
SR0719ch_333_CHR_1_2	656829710	366109339
SR0719ch_336_CHR_1_2	1167530650	655246576
SR0719r_053_REF_1_2	421843649	235387679
SR0719r_277_REF_1_2	14192839	7627702
SR0719r_286_REF_1_2	275190264	152964394
SR0719r_287_REF_1_2	317550764	177506036
SR0719r_296_REF_1_2	442457747	247137702
SR0719r_302_REF_1_2	1230475498	675855534
SR0719r_306_REF_1_2	570271001	315571177
SR0719r_314_REF_1_2	1481610651	818279511
SR0719r_316_REF_1_2	1328932420	737382953
SR0719r_318_REF_1_2	1245455573	687559254
SR0719r_328_REF_1_2	537548762	298433495
SR0719r_332_REF_1_2	709355459	391721002
SR0719r_401_REF_1_2	310149949	173577663
SR0719r_402_REF_1_2	974835443	551672601
SR0719r_405_REF_1_2	459542397	255559163
SR0719r_407_REF_1_2	692354312	388667224
SR0719r_408_REF_1_2	283089743	158840864
SR0719r_409_REF_1_2	132087642	73614728
SR0719r_411_REF_1_2	60039796	34219686
SR0719r_417_REF_1_2	1196054033	675139860
Runtime: 1:32:42 (hh:mm:ss)
sample_id	mapped_bases	qual_filtered_mapped_bases
ARN0419_036_ARN_1_3	754754499	403521308
ARN0419_038_ARN_1_3	563589073	303696908
ARN0419_010_ARN_1_3	1324871668	718908617
ARN0419_023_ARN_1_3	852379972	460721115
ARN0419_025_ARN_1_3	1491742794	807890086
ARN0419_028_ARN_1_3	1434134146	769962490
ARN0419_044_ARN_1_3	1324083203	701540213
ARN0419_031_ARN_1_3	815510688	435781329
ARN0419_029_ARN_1_3	1008705868	544835442
ARN0419_001_ARN_1_3	1658827558	896705195
COH0419_032_COH_1_3	399108666	216763627
COH0419_033_COH_1_3	412646513	222661260
COH0419_039_COH_1_3	1422608785	756719470
COH0419_004_COH_1_3	1094350806	592473211
COH0419_014_COH_1_3	1473631364	800972535
COH0419_020_COH_1_3	606436481	323489113
COH0419_021_COH_1_3	1233414030	662772775
COH0419_025_COH_1_3	920201957	491383600
COH0419_009_COH_1_3	1265563322	677321236
COH0419_010_COH_1_3	1288590738	703174566
HC0419_013_HC_1_3	737974426	392672388
HC0419_014_HC_1_3	928917280	499674250
HC0419_019_HC_1_3	228554483	122308939
HC0419_028_HC_1_3	1412540028	762747724
HC0419_036_HC_1_3	605692431	329417431
HC0419_025_HC_1_3	606162801	333617773
HC0419_015_HC_1_3	575479570	306975535
NB0419_015_NB_1_3	29850593	16258518
NB0419_018_NB_1_3	920211562	497684669
NB0419_022_NB_1_3	348344200	189038866
NB0419_023_NB_1_3	285290071	154430024
NB0419_024_NB_1_3	1243783220	677563939
NB0419_028_NB_1_3	227400382	123623773
NB0419_006_NB_1_3	569643084	311330536
NB0419_007_NB_1_3	655198500	357529480
NB0419_009_NB_1_3	1000540225	539721889
NB0419_010_NB_1_3	1331263215	716739464
NB0419_012_NB_1_3	556099535	302841088
NB0419_013_NB_1_3	694803229	377850340
NB0419_014_NB_1_3	1414270801	760323290
NB0419_032_NB_1_3	826846254	444329345
NB0419_038_NB_1_3	832479390	452943467
NB0419_039_NB_1_3	850456162	458182432
NB0419_040_NB_1_3	366038561	194611777
NB0419_042_NB_1_3	487433541	262669970
NB0419_043_NB_1_3	1042986297	557788557
NB0419_044_NB_1_3	537768069	287075736
NB0419_047_NB_1_3	577207854	310198364
NB0419_048_NB_1_3	761715039	413736378
NB0419_041_NB_1_3	1122980855	608671799
SR0419_030_SR_1_3	447806489	242712450
SR0419_003_SR_1_3	1511798247	824176854
SR0419_012_SR_1_3	883062589	473097836
SR0419_016_SR_1_3	909052545	485457739
SR0419_017_SR_1_3	859878053	466714639
SR0419_018_SR_1_3	891721503	479584216
SR0419_020_SR_1_3	659703101	355219129
SR0419_022_SR_1_3	1305821519	702977589
SR0419_023_SR_1_3	1064201641	563564257
SR0419_024_SR_1_3	1504056376	812111999
SR0419_036_SR_1_3	1880304993	1005858932
SR0419_043_SR_1_3	1248101641	674550387
SR0419_044_SR_1_3	1773218526	950206712
SR0419_005_SR_1_3	466016143	251424835
SR0419_014_SR_1_3	534137196	292188283
SR0719ch_083_CHR_1_3	425304908	229997936
SR0719ch_094_CHR_1_3	489062073	260490179
SR0719ch_141_CHR_1_3	865879967	472736614
SR0719ch_236_CHR_1_3	566497453	309449990
SR0719ch_279_CHR_1_3	1182341923	630852985
SR0719ch_283_CHR_1_3	488764818	266906920
SR0719ch_064_CHR_1_3	780755434	420867608
SR0719ch_183_CHR_1_3	375523103	202952499
SR0719ch_186_CHR_1_3	480316219	260762757
SR0719ch_216_CHR_1_3	746431064	407056787
SR0719ch_218_CHR_1_3	481752896	262290800
SR0719ch_237_CHR_1_3	461576713	251374353
SR0719ch_256_CHR_1_3	579713508	312541876
SR0719ch_261_CHR_1_3	1029415592	562487175
SR0719ch_019_CHR_1_3	1023313538	557990833
SR0719ch_028_CHR_1_3	498353207	273619673
SR0719ch_232_CHR_1_3	488490984	268728284
SR0719r_292_REF_1_3	153627296	82818756
SR0719r_295_REF_1_3	283499812	153394345
SR0719r_412_REF_1_3	28484931	15623392
SR0719r_414_REF_1_3	57124307	31240761
SR0719r_416_REF_1_3	53192821	29170416
SR0719r_421_REF_1_3	53947927	29720305
Runtime: 1:19:11 (hh:mm:ss)
sample_id	mapped_bases	qual_filtered_mapped_bases
ARN0419_032_ARN_1_4	822121025	451026180
ARN0419_039_ARN_1_4	8212	3880
ARN0419_041_ARN_1_4	1385834383	747230206
ARN0419_005_ARN_1_4	1893759432	1019007476
ARN0419_006_ARN_1_4	1758401280	941424009
ARN0419_007_ARN_1_4	1814985823	987304062
ARN0419_008_ARN_1_4	2440065025	1352743453
ARN0419_009_ARN_1_4	2633997541	1419778662
ARN0419_013_ARN_1_4	2008403335	1084849633
ARN0419_014_ARN_1_4	1415227820	767943089
ARN0419_015_ARN_1_4	2442349414	1314606611
ARN0419_016_ARN_1_4	2117666152	1136232156
ARN0419_017_ARN_1_4	2340637124	1267353227
ARN0419_018_ARN_1_4	1281856497	697137569
ARN0419_022_ARN_1_4	970149979	521566170
ARN0419_024_ARN_1_4	930059279	506899050
ARN0419_026_ARN_1_4	477249905	259467347
ARN0419_043_ARN_1_4	637746599	336187875
ARN0419_047_ARN_1_4	683605255	359945200
ARN0419_034_ARN_1_4	2438922786	1324147291
ARN0419_003_ARN_1_4	1267113499	684254923
ARN0419_004_ARN_1_4	1262609769	689401328
ARN0419_011_ARN_1_4	411472575	217036598
ARN0419_012_ARN_1_4	1150379649	612012861
COH0419_040_COH_1_4	72156358	40204757
COH0419_001_COH_1_4	915776163	496109094
COH0419_002_COH_1_4	1222658345	664519000
COH0419_003_COH_1_4	1998851354	1097833510
COH0419_013_COH_1_4	1229492336	650027639
COH0419_015_COH_1_4	1639945575	894220502
COH0419_016_COH_1_4	992457077	537805253
COH0419_018_COH_1_4	1172397232	629818502
COH0419_022_COH_1_4	1797401835	971905333
COH0419_030_COH_1_4	1466327593	800049885
COH0419_041_COH_1_4	767800853	418214809
COH0419_034_COH_1_4	1512378741	815858320
COH0419_005_COH_1_4	2548055413	1391743811
COH0419_006_COH_1_4	1736090409	948315816
COH0419_011_COH_1_4	1521614847	828192223
HC0419_016_HC_1_4	855091428	467021599
HC0419_003_HC_1_4	177467000	97536811
HC0419_006_HC_1_4	714489082	391515930
HC0419_007_HC_1_4	1201342366	649823168
HC0419_008_HC_1_4	410811049	223240349
HC0419_024_HC_1_4	427553963	227641207
HC0419_029_HC_1_4	283818944	153270257
HC0419_060_HC_1_4	686475333	377876841
HC0419_063_HC_1_4	1210416332	671048259
HC0419_009_HC_1_4	507706347	270941613
HC0419_012_HC_1_4	776414402	419843787
HC0419_022_HC_1_4	903414477	493129409
NB0419_025_NB_1_4	428875511	234867046
NB0419_026_NB_1_4	936770115	510955691
NB0419_036_NB_1_4	224149805	123671986
SR0419_029_SR_1_4	654657383	359764739
SR0419_001_SR_1_4	1536076656	845030481
SR0419_002_SR_1_4	2486446045	1336338517
SR0419_004_SR_1_4	908519796	496731846
SR0419_006_SR_1_4	1878138824	1012813137
SR0419_007_SR_1_4	2134042288	1165115775
SR0419_008_SR_1_4	1168344354	625247051
SR0419_010_SR_1_4	2008830095	1094514548
SR0419_011_SR_1_4	1180113457	633701639
SR0419_013_SR_1_4	843041814	457365610
SR0419_019_SR_1_4	2568295238	1397439981
SR0419_021_SR_1_4	590045852	314810743
SR0419_026_SR_1_4	1294052181	702794841
SR0419_037_SR_1_4	1426693633	778185549
SR0419_015_SR_1_4	1007337542	539181508
SR0719ch_002_CHR_1_4	903406982	419439589
SR0719ch_029_CHR_1_4	628915289	343692062
SR0719ch_112_CHR_1_4	1239452389	675821113
SR0719ch_155_CHR_1_4	723080777	394300508
SR0719ch_089_CHR_1_4	568257714	312601921
SR0719ch_258_CHR_1_4	587758945	324485339
SR0719ch_140_CHR_1_4	949764015	525696307
SR0719ch_197_CHR_1_4	559177689	309025718
SR0719r_014_REF_1_4	1067847877	593046362
SR0719r_410_REF_1_4	656464911	360125162
Runtime: 1:34:18 (hh:mm:ss)
sample_id	mapped_bases	qual_filtered_mapped_bases
ARN0419_039_ARN_1_5	648741756	351525812
ARN0419_049_ARN_1_5	1102421964	612579447
ARN0419_030_ARN_1_5	108542626	59938637
ARN0419_037_ARN_1_5	696879871	387984263
ARN0419_033_ARN_1_5	1007780589	561299499
ARN0419_026_ARN_1_5	458284056	246832639
ARN0419_040_ARN_1_5	1030536847	568948534
ARN0419_038_ARN_1_5	216554395	117499163
ARN0419_035_ARN_1_5	215266465	117495905
ARN0419_019_ARN_1_5	817224435	445386214
ARN0419_048_ARN_1_5	1460626573	804890545
ARN0419_047_ARN_1_5	27440798	14319232
ARN0419_050_ARN_1_5	606069847	337153707
ARN0419_032_ARN_1_5	209402762	113938748
ARN0419_011_ARN_1_5	20055119	10458904
ARN0419_036_ARN_1_5	31417481	16901493
ARN0419_027_ARN_1_5	210005069	117291501
ARN0419_020_ARN_1_5	203778918	112680507
ARN0419_043_ARN_1_5	10044604	5220873
ARN0419_024_ARN_1_5	381066	203686
COH0419_043_COH_1_5	1222571954	673346168
COH0419_047_COH_1_5	827737985	452732122
COH0419_040_COH_1_5	24933511	13709477
COH0419_032_COH_1_5	479551933	262695475
COH0419_033_COH_1_5	361466433	196929949
COH0419_029_COH_1_5	1873091843	1040094329
COH0419_007_COH_1_5	1308695756	718901010
COH0419_027_COH_1_5	506644562	277670031
COH0419_031_COH_1_5	860281550	473747481
COH0419_036_COH_1_5	647027272	349828525
COH0419_020_COH_1_5	115147323	61976090
COH0419_045_COH_1_5	524866858	287913473
COH0419_023_COH_1_5	292250611	162398976
COH0419_024_COH_1_5	1063806720	597501227
COH0419_041_COH_1_5	101775670	54764528
COH0419_035_COH_1_5	63032208	34516432
COH0419_001_COH_1_5	24574025	13143125
HC0419_029_HC_1_5	123175239	65730087
HC0419_020_HC_1_5	1949923756	1069780829
HC0419_003_HC_1_5	163310611	89016933
HC0419_019_HC_1_5	477522725	259067888
HC0419_059_HC_1_5	1064352674	587377544
HC0419_017_HC_1_5	656400653	361187681
HC0419_008_HC_1_5	186717536	100528837
HC0419_043_HC_1_5	867388199	478779981
HC0419_024_HC_1_5	193236059	101838894
HC0419_041_HC_1_5	1209490159	669025423
HC0419_067_HC_1_5	940690987	522787583
HC0419_015_HC_1_5	66786907	35853064
HC0419_009_HC_1_5	110477593	58290749
HC0419_025_HC_1_5	281576870	156456538
HC0419_036_HC_1_5	427321462	235230614
HC0419_006_HC_1_5	300489134	163443727
HC0419_058_HC_1_5	438474757	243420407
HC0419_060_HC_1_5	168011140	91553271
HC0419_004_HC_1_5	231495241	126954426
HC0419_012_HC_1_5	67043142	35914132
HC0419_013_HC_1_5	83158790	44621550
HC0419_016_HC_1_5	40960215	22281053
HC0419_022_HC_1_5	19732098	10656701
HC0419_062_HC_1_5	25728982	14287960
NB0419_037_NB_1_5	1835591753	1005838287
NB0419_015_NB_1_5	52481177	28938793
NB0419_036_NB_1_5	55712804	30405676
NB0419_028_NB_1_5	308227956	169350056
NB0419_023_NB_1_5	507100079	277438475
NB0419_017_NB_1_5	221803684	120344151
NB0419_020_NB_1_5	571153710	313172151
NB0419_022_NB_1_5	360336789	196917122
NB0419_019_NB_1_5	849574170	469228349
NB0419_025_NB_1_5	309910222	168310780
NB0419_027_NB_1_5	563235953	310004708
NB0419_040_NB_1_5	374761506	200920510
NB0419_030_NB_1_5	2003405724	1106458746
NB0419_005_NB_1_5	746436284	410794978
NB0419_012_NB_1_5	306245155	168232980
NB0419_002_NB_1_5	438870471	241962469
NB0419_006_NB_1_5	664526861	367176316
NB0419_044_NB_1_5	830302571	444669478
NB0419_016_NB_1_5	412831380	227531704
NB0419_042_NB_1_5	177749994	96189646
NB0419_013_NB_1_5	238669391	130925167
NB0419_007_NB_1_5	189296136	104494153
NB0419_047_NB_1_5	225561639	122038734
NB0419_003_NB_1_5	142123552	78835310
NB0419_050_NB_1_5	81120459	45228254
SR0419_034_SR_1_5	618534665	338936370
SR0419_047_SR_1_5	1400969282	776383740
SR0419_030_SR_1_5	342015784	187519283
SR0419_033_SR_1_5	732273540	402538072
SR0419_048_SR_1_5	388827928	212166925
SR0419_005_SR_1_5	401500527	218728168
SR0419_014_SR_1_5	210683892	116431371
SR0419_029_SR_1_5	278269012	151490631
SR0419_046_SR_1_5	631844606	350813812
SR0419_021_SR_1_5	368253412	194416556
SR0419_020_SR_1_5	738183110	401144784
SR0419_041_SR_1_5	222944505	122174613
SR0419_013_SR_1_5	79394936	42749353
SR0419_004_SR_1_5	11783318	6369961
SR0719ch_327_CHR_1_5	20954372	10403174
SR0719ch_017_CHR_1_5	731911349	405151952
SR0719ch_183_CHR_1_5	354940374	193815455
SR0719ch_083_CHR_1_5	320564875	175554165
SR0719ch_044_CHR_1_5	928708757	511117911
SR0719ch_123_CHR_1_5	787853637	430557823
SR0719ch_066_CHR_1_5	895259502	486432890
SR0719ch_094_CHR_1_5	235620120	126923435
SR0719ch_218_CHR_1_5	402291874	221507664
SR0719ch_016_CHR_1_5	555645064	308129520
SR0719ch_232_CHR_1_5	410877805	228780677
SR0719ch_197_CHR_1_5	67439041	36847387
SR0719ch_028_CHR_1_5	423702429	234703355
SR0719ch_186_CHR_1_5	569692477	311774302
SR0719ch_324_CHR_1_5	373767912	203971556
SR0719ch_283_CHR_1_5	233889941	129139152
SR0719ch_147_CHR_1_5	533744481	291237021
SR0719ch_237_CHR_1_5	342288795	187946677
SR0719ch_228_CHR_1_5	550978015	301388751
SR0719ch_236_CHR_1_5	240208360	132450136
SR0719ch_029_CHR_1_5	144499791	78343049
SR0719ch_333_CHR_1_5	300166333	165742077
SR0719ch_201_CHR_1_5	125226216	68367431
SR0719ch_089_CHR_1_5	110978767	60642991
SR0719ch_256_CHR_1_5	240255207	131261693
SR0719ch_119_CHR_1_5	306013600	169172540
SR0719ch_022_CHR_1_5	761443371	400692934
SR0719ch_129_CHR_1_5	129962587	72179778
SR0719ch_258_CHR_1_5	48933253	26721318
SR0719ch_155_CHR_1_5	83673691	45283371
SR0719ch_131_CHR_1_5	146398591	80515529
SR0719ch_008_CHR_1_5	98551367	54471485
SR0719ch_099_CHR_1_5	69806545	38398559
SR0719ch_216_CHR_1_5	39067833	21396321
SR0719ch_317_CHR_1_5	49672515	27200209
SR0719r_277_REF_1_5	259639084	139247021
SR0719r_412_REF_1_5	33553871	18645544
SR0719r_423_REF_1_5	143130048	79663806
SR0719r_415_REF_1_5	142163140	77901352
SR0719r_411_REF_1_5	55120870	30814463
SR0719r_416_REF_1_5	94877367	52688258
SR0719r_421_REF_1_5	94434527	52534416
SR0719r_414_REF_1_5	68032947	37596378
SR0719r_413_REF_1_5	208895233	116030047
SR0719r_409_REF_1_5	269689918	149138415
SR0719r_193_REF_1_5	394732782	219286058
SR0719r_426_REF_1_5	1370479443	759577664
SR0719r_292_REF_1_5	137674144	75220145
SR0719r_404_REF_1_5	1399411153	777059661
SR0719r_260_REF_1_5	972807360	537705006
SR0719r_422_REF_1_5	1044932943	585536269
SR0719r_408_REF_1_5	715161794	397650167
SR0719r_286_REF_1_5	419660626	230863269
SR0719r_406_REF_1_5	795036557	437531188
SR0719r_401_REF_1_5	596357651	330041515
SR0719r_287_REF_1_5	304071059	168173006
SR0719r_295_REF_1_5	122715279	67099113
SR0719r_420_REF_1_5	1755600265	984011659
SR0719r_056_REF_1_5	1164060907	653591663
SR0719r_403_REF_1_5	1023577651	569510892
SR0719r_053_REF_1_5	709529498	392244213
SR0719r_296_REF_1_5	687203436	379599000
SR0719r_405_REF_1_5	589401582	323954221
SR0719r_427_REF_1_5	254087200	140776194
SR0719r_095_REF_1_5	1011069016	562497196
SR0719r_328_REF_1_5	1003422809	552476609
SR0719r_306_REF_1_5	378983613	207672781
SR0719r_410_REF_1_5	318509817	172860344
SR0719r_407_REF_1_5	359965911	200564978
SR0719r_265_REF_1_5	562909192	308334394
SR0719r_332_REF_1_5	472012470	258131023
SR0719r_051_REF_1_5	168259237	92501321
SR0719r_257_REF_1_5	125379252	69213350
Runtime: 1:25:26 (hh:mm:ss)
