Sample: Cv5785_28_NY_1_4
TrimmomaticPE: Started with arguments:
 -threads 1 -phred33 /workdir/hz269/DelBay20/raw_fastq/Cv5785_07_CKDL210000056-1a-AK3948-AK9674_HNMTKDSXY_L4_1.fq.gz /workdir/hz269/DelBay20/raw_fastq/Cv5785_07_CKDL210000056-1a-AK3948-AK9674_HNMTKDSXY_L4_2.fq.gz /workdir/hz269/DelBay20/adapter_clipped/Cv5785_28_NY_1_4_adapter_clipped_f_paired.fastq.gz /workdir/hz269/DelBay20/adapter_clipped/Cv5785_28_NY_1_4_adapter_clipped_f_unpaired.fastq.gz /workdir/hz269/DelBay20/adapter_clipped/Cv5785_28_NY_1_4_adapter_clipped_r_paired.fastq.gz /workdir/hz269/DelBay20/adapter_clipped/Cv5785_28_NY_1_4_adapter_clipped_r_unpaired.fastq.gz ILLUMINACLIP:/workdir/hz269/DelBay20/reference/NexteraPE-PE.fa:2:30:10:1:true MINLENGTH:80
Using PrefixPair: 'AGATGTGTATAAGAGACAG' and 'AGATGTGTATAAGAGACAG'
Using Long Clipping Sequence: 'GTCTCGTGGGCTCGGAGATGTGTATAAGAGACAG'
Using Long Clipping Sequence: 'TCGTCGGCAGCGTCAGATGTGTATAAGAGACAG'
Using Long Clipping Sequence: 'CTGTCTCTTATACACATCTCCGAGCCCACGAGAC'
Using Long Clipping Sequence: 'CTGTCTCTTATACACATCTGACGCTGCCGACGA'
ILLUMINACLIP: Using 1 prefix pairs, 4 forward/reverse sequences, 0 forward only sequences, 0 reverse only sequences
Input Read Pairs: 13821638 Both Surviving: 13766305 (99.60%) Forward Only Surviving: 55077 (0.40%) Reverse Only Surviving: 256 (0.00%) Dropped: 0 (0.00%)
TrimmomaticPE: Completed successfully
Sample: Cv5785_29_NY_1_4
TrimmomaticPE: Started with arguments:
 -threads 1 -phred33 /workdir/hz269/DelBay20/raw_fastq/Cv5785_08_CKDL210000056-1a-AK11355-AK11272_HNMTKDSXY_L4_1.fq.gz /workdir/hz269/DelBay20/raw_fastq/Cv5785_08_CKDL210000056-1a-AK11355-AK11272_HNMTKDSXY_L4_2.fq.gz /workdir/hz269/DelBay20/adapter_clipped/Cv5785_29_NY_1_4_adapter_clipped_f_paired.fastq.gz /workdir/hz269/DelBay20/adapter_clipped/Cv5785_29_NY_1_4_adapter_clipped_f_unpaired.fastq.gz /workdir/hz269/DelBay20/adapter_clipped/Cv5785_29_NY_1_4_adapter_clipped_r_paired.fastq.gz /workdir/hz269/DelBay20/adapter_clipped/Cv5785_29_NY_1_4_adapter_clipped_r_unpaired.fastq.gz ILLUMINACLIP:/workdir/hz269/DelBay20/reference/NexteraPE-PE.fa:2:30:10:1:true MINLENGTH:80
Using PrefixPair: 'AGATGTGTATAAGAGACAG' and 'AGATGTGTATAAGAGACAG'
Using Long Clipping Sequence: 'GTCTCGTGGGCTCGGAGATGTGTATAAGAGACAG'
Using Long Clipping Sequence: 'TCGTCGGCAGCGTCAGATGTGTATAAGAGACAG'
Using Long Clipping Sequence: 'CTGTCTCTTATACACATCTCCGAGCCCACGAGAC'
Using Long Clipping Sequence: 'CTGTCTCTTATACACATCTGACGCTGCCGACGA'
ILLUMINACLIP: Using 1 prefix pairs, 4 forward/reverse sequences, 0 forward only sequences, 0 reverse only sequences
Input Read Pairs: 3577490 Both Surviving: 3512068 (98.17%) Forward Only Surviving: 65346 (1.83%) Reverse Only Surviving: 76 (0.00%) Dropped: 0 (0.00%)
TrimmomaticPE: Completed successfully
Sample: Cv5785_30_NY_1_4
TrimmomaticPE: Started with arguments:
 -threads 1 -phred33 /workdir/hz269/DelBay20/raw_fastq/Cv5785_09_CKDL210000056-1a-AK11235-AK17429_HNMTKDSXY_L4_1.fq.gz /workdir/hz269/DelBay20/raw_fastq/Cv5785_09_CKDL210000056-1a-AK11235-AK17429_HNMTKDSXY_L4_2.fq.gz /workdir/hz269/DelBay20/adapter_clipped/Cv5785_30_NY_1_4_adapter_clipped_f_paired.fastq.gz /workdir/hz269/DelBay20/adapter_clipped/Cv5785_30_NY_1_4_adapter_clipped_f_unpaired.fastq.gz /workdir/hz269/DelBay20/adapter_clipped/Cv5785_30_NY_1_4_adapter_clipped_r_paired.fastq.gz /workdir/hz269/DelBay20/adapter_clipped/Cv5785_30_NY_1_4_adapter_clipped_r_unpaired.fastq.gz ILLUMINACLIP:/workdir/hz269/DelBay20/reference/NexteraPE-PE.fa:2:30:10:1:true MINLENGTH:80
Using PrefixPair: 'AGATGTGTATAAGAGACAG' and 'AGATGTGTATAAGAGACAG'
Using Long Clipping Sequence: 'GTCTCGTGGGCTCGGAGATGTGTATAAGAGACAG'
Using Long Clipping Sequence: 'TCGTCGGCAGCGTCAGATGTGTATAAGAGACAG'
Using Long Clipping Sequence: 'CTGTCTCTTATACACATCTCCGAGCCCACGAGAC'
Using Long Clipping Sequence: 'CTGTCTCTTATACACATCTGACGCTGCCGACGA'
ILLUMINACLIP: Using 1 prefix pairs, 4 forward/reverse sequences, 0 forward only sequences, 0 reverse only sequences
Input Read Pairs: 13991317 Both Surviving: 13888767 (99.27%) Forward Only Surviving: 102285 (0.73%) Reverse Only Surviving: 265 (0.00%) Dropped: 0 (0.00%)
TrimmomaticPE: Completed successfully
Sample: Cv5786_01_NY_1_4
TrimmomaticPE: Started with arguments:
 -threads 1 -phred33 /workdir/hz269/DelBay20/raw_fastq/Cv5786_01_CKDL210000056-1a-AK19840-AK11295_HNMTKDSXY_L4_1.fq.gz /workdir/hz269/DelBay20/raw_fastq/Cv5786_01_CKDL210000056-1a-AK19840-AK11295_HNMTKDSXY_L4_2.fq.gz /workdir/hz269/DelBay20/adapter_clipped/Cv5786_01_NY_1_4_adapter_clipped_f_paired.fastq.gz /workdir/hz269/DelBay20/adapter_clipped/Cv5786_01_NY_1_4_adapter_clipped_f_unpaired.fastq.gz /workdir/hz269/DelBay20/adapter_clipped/Cv5786_01_NY_1_4_adapter_clipped_r_paired.fastq.gz /workdir/hz269/DelBay20/adapter_clipped/Cv5786_01_NY_1_4_adapter_clipped_r_unpaired.fastq.gz ILLUMINACLIP:/workdir/hz269/DelBay20/reference/NexteraPE-PE.fa:2:30:10:1:true MINLENGTH:80
Using PrefixPair: 'AGATGTGTATAAGAGACAG' and 'AGATGTGTATAAGAGACAG'
Using Long Clipping Sequence: 'GTCTCGTGGGCTCGGAGATGTGTATAAGAGACAG'
Using Long Clipping Sequence: 'TCGTCGGCAGCGTCAGATGTGTATAAGAGACAG'
Using Long Clipping Sequence: 'CTGTCTCTTATACACATCTCCGAGCCCACGAGAC'
Using Long Clipping Sequence: 'CTGTCTCTTATACACATCTGACGCTGCCGACGA'
ILLUMINACLIP: Using 1 prefix pairs, 4 forward/reverse sequences, 0 forward only sequences, 0 reverse only sequences
Input Read Pairs: 9484940 Both Surviving: 9416945 (99.28%) Forward Only Surviving: 67818 (0.72%) Reverse Only Surviving: 177 (0.00%) Dropped: 0 (0.00%)
TrimmomaticPE: Completed successfully
Sample: Cv5786_02_NY_1_4
TrimmomaticPE: Started with arguments:
 -threads 1 -phred33 /workdir/hz269/DelBay20/raw_fastq/Cv5786_10_CKDL210000056-1a-AK1457-AK11112_HNMTKDSXY_L4_1.fq.gz /workdir/hz269/DelBay20/raw_fastq/Cv5786_10_CKDL210000056-1a-AK1457-AK11112_HNMTKDSXY_L4_2.fq.gz /workdir/hz269/DelBay20/adapter_clipped/Cv5786_02_NY_1_4_adapter_clipped_f_paired.fastq.gz /workdir/hz269/DelBay20/adapter_clipped/Cv5786_02_NY_1_4_adapter_clipped_f_unpaired.fastq.gz /workdir/hz269/DelBay20/adapter_clipped/Cv5786_02_NY_1_4_adapter_clipped_r_paired.fastq.gz /workdir/hz269/DelBay20/adapter_clipped/Cv5786_02_NY_1_4_adapter_clipped_r_unpaired.fastq.gz ILLUMINACLIP:/workdir/hz269/DelBay20/reference/NexteraPE-PE.fa:2:30:10:1:true MINLENGTH:80
Using PrefixPair: 'AGATGTGTATAAGAGACAG' and 'AGATGTGTATAAGAGACAG'
Using Long Clipping Sequence: 'GTCTCGTGGGCTCGGAGATGTGTATAAGAGACAG'
Using Long Clipping Sequence: 'TCGTCGGCAGCGTCAGATGTGTATAAGAGACAG'
Using Long Clipping Sequence: 'CTGTCTCTTATACACATCTCCGAGCCCACGAGAC'
Using Long Clipping Sequence: 'CTGTCTCTTATACACATCTGACGCTGCCGACGA'
ILLUMINACLIP: Using 1 prefix pairs, 4 forward/reverse sequences, 0 forward only sequences, 0 reverse only sequences
Input Read Pairs: 13848488 Both Surviving: 13762138 (99.38%) Forward Only Surviving: 86132 (0.62%) Reverse Only Surviving: 218 (0.00%) Dropped: 0 (0.00%)
TrimmomaticPE: Completed successfully
Sample: Cv5786_03_NY_1_4
TrimmomaticPE: Started with arguments:
 -threads 1 -phred33 /workdir/hz269/DelBay20/raw_fastq/Cv5786_11_CKDL210000056-1a-AK11453-AK17462_HNMTKDSXY_L4_1.fq.gz /workdir/hz269/DelBay20/raw_fastq/Cv5786_11_CKDL210000056-1a-AK11453-AK17462_HNMTKDSXY_L4_2.fq.gz /workdir/hz269/DelBay20/adapter_clipped/Cv5786_03_NY_1_4_adapter_clipped_f_paired.fastq.gz /workdir/hz269/DelBay20/adapter_clipped/Cv5786_03_NY_1_4_adapter_clipped_f_unpaired.fastq.gz /workdir/hz269/DelBay20/adapter_clipped/Cv5786_03_NY_1_4_adapter_clipped_r_paired.fastq.gz /workdir/hz269/DelBay20/adapter_clipped/Cv5786_03_NY_1_4_adapter_clipped_r_unpaired.fastq.gz ILLUMINACLIP:/workdir/hz269/DelBay20/reference/NexteraPE-PE.fa:2:30:10:1:true MINLENGTH:80
Using PrefixPair: 'AGATGTGTATAAGAGACAG' and 'AGATGTGTATAAGAGACAG'
Using Long Clipping Sequence: 'GTCTCGTGGGCTCGGAGATGTGTATAAGAGACAG'
Using Long Clipping Sequence: 'TCGTCGGCAGCGTCAGATGTGTATAAGAGACAG'
Using Long Clipping Sequence: 'CTGTCTCTTATACACATCTCCGAGCCCACGAGAC'
Using Long Clipping Sequence: 'CTGTCTCTTATACACATCTGACGCTGCCGACGA'
ILLUMINACLIP: Using 1 prefix pairs, 4 forward/reverse sequences, 0 forward only sequences, 0 reverse only sequences
Input Read Pairs: 12356870 Both Surviving: 12269785 (99.30%) Forward Only Surviving: 86891 (0.70%) Reverse Only Surviving: 193 (0.00%) Dropped: 1 (0.00%)
TrimmomaticPE: Completed successfully
Sample: Cv5786_04_NY_1_4
TrimmomaticPE: Started with arguments:
 -threads 1 -phred33 /workdir/hz269/DelBay20/raw_fastq/Cv5786_12_CKDL210000056-1a-AK7276-AK12647_HNMTKDSXY_L4_1.fq.gz /workdir/hz269/DelBay20/raw_fastq/Cv5786_12_CKDL210000056-1a-AK7276-AK12647_HNMTKDSXY_L4_2.fq.gz /workdir/hz269/DelBay20/adapter_clipped/Cv5786_04_NY_1_4_adapter_clipped_f_paired.fastq.gz /workdir/hz269/DelBay20/adapter_clipped/Cv5786_04_NY_1_4_adapter_clipped_f_unpaired.fastq.gz /workdir/hz269/DelBay20/adapter_clipped/Cv5786_04_NY_1_4_adapter_clipped_r_paired.fastq.gz /workdir/hz269/DelBay20/adapter_clipped/Cv5786_04_NY_1_4_adapter_clipped_r_unpaired.fastq.gz ILLUMINACLIP:/workdir/hz269/DelBay20/reference/NexteraPE-PE.fa:2:30:10:1:true MINLENGTH:80
Using PrefixPair: 'AGATGTGTATAAGAGACAG' and 'AGATGTGTATAAGAGACAG'
Using Long Clipping Sequence: 'GTCTCGTGGGCTCGGAGATGTGTATAAGAGACAG'
Using Long Clipping Sequence: 'TCGTCGGCAGCGTCAGATGTGTATAAGAGACAG'
Using Long Clipping Sequence: 'CTGTCTCTTATACACATCTCCGAGCCCACGAGAC'
Using Long Clipping Sequence: 'CTGTCTCTTATACACATCTGACGCTGCCGACGA'
ILLUMINACLIP: Using 1 prefix pairs, 4 forward/reverse sequences, 0 forward only sequences, 0 reverse only sequences
Input Read Pairs: 20097556 Both Surviving: 19942819 (99.23%) Forward Only Surviving: 154410 (0.77%) Reverse Only Surviving: 326 (0.00%) Dropped: 1 (0.00%)
TrimmomaticPE: Completed successfully
Sample: Cv5786_05_NY_1_4
TrimmomaticPE: Started with arguments:
 -threads 1 -phred33 /workdir/hz269/DelBay20/raw_fastq/Cv5786_13_CKDL210000056-1a-AK11472-AK11179_HNMTKDSXY_L4_1.fq.gz /workdir/hz269/DelBay20/raw_fastq/Cv5786_13_CKDL210000056-1a-AK11472-AK11179_HNMTKDSXY_L4_2.fq.gz /workdir/hz269/DelBay20/adapter_clipped/Cv5786_05_NY_1_4_adapter_clipped_f_paired.fastq.gz /workdir/hz269/DelBay20/adapter_clipped/Cv5786_05_NY_1_4_adapter_clipped_f_unpaired.fastq.gz /workdir/hz269/DelBay20/adapter_clipped/Cv5786_05_NY_1_4_adapter_clipped_r_paired.fastq.gz /workdir/hz269/DelBay20/adapter_clipped/Cv5786_05_NY_1_4_adapter_clipped_r_unpaired.fastq.gz ILLUMINACLIP:/workdir/hz269/DelBay20/reference/NexteraPE-PE.fa:2:30:10:1:true MINLENGTH:80
Using PrefixPair: 'AGATGTGTATAAGAGACAG' and 'AGATGTGTATAAGAGACAG'
Using Long Clipping Sequence: 'GTCTCGTGGGCTCGGAGATGTGTATAAGAGACAG'
Using Long Clipping Sequence: 'TCGTCGGCAGCGTCAGATGTGTATAAGAGACAG'
Using Long Clipping Sequence: 'CTGTCTCTTATACACATCTCCGAGCCCACGAGAC'
Using Long Clipping Sequence: 'CTGTCTCTTATACACATCTGACGCTGCCGACGA'
ILLUMINACLIP: Using 1 prefix pairs, 4 forward/reverse sequences, 0 forward only sequences, 0 reverse only sequences
Input Read Pairs: 22677967 Both Surviving: 22531120 (99.35%) Forward Only Surviving: 146401 (0.65%) Reverse Only Surviving: 445 (0.00%) Dropped: 1 (0.00%)
TrimmomaticPE: Completed successfully
Sample: Cv5786_06_NY_1_4
TrimmomaticPE: Started with arguments:
 -threads 1 -phred33 /workdir/hz269/DelBay20/raw_fastq/Cv5786_14_CKDL210000056-1a-AK4488-AK11652_HNMTKDSXY_L4_1.fq.gz /workdir/hz269/DelBay20/raw_fastq/Cv5786_14_CKDL210000056-1a-AK4488-AK11652_HNMTKDSXY_L4_2.fq.gz /workdir/hz269/DelBay20/adapter_clipped/Cv5786_06_NY_1_4_adapter_clipped_f_paired.fastq.gz /workdir/hz269/DelBay20/adapter_clipped/Cv5786_06_NY_1_4_adapter_clipped_f_unpaired.fastq.gz /workdir/hz269/DelBay20/adapter_clipped/Cv5786_06_NY_1_4_adapter_clipped_r_paired.fastq.gz /workdir/hz269/DelBay20/adapter_clipped/Cv5786_06_NY_1_4_adapter_clipped_r_unpaired.fastq.gz ILLUMINACLIP:/workdir/hz269/DelBay20/reference/NexteraPE-PE.fa:2:30:10:1:true MINLENGTH:80
Using PrefixPair: 'AGATGTGTATAAGAGACAG' and 'AGATGTGTATAAGAGACAG'
Using Long Clipping Sequence: 'GTCTCGTGGGCTCGGAGATGTGTATAAGAGACAG'
Using Long Clipping Sequence: 'TCGTCGGCAGCGTCAGATGTGTATAAGAGACAG'
Using Long Clipping Sequence: 'CTGTCTCTTATACACATCTCCGAGCCCACGAGAC'
Using Long Clipping Sequence: 'CTGTCTCTTATACACATCTGACGCTGCCGACGA'
ILLUMINACLIP: Using 1 prefix pairs, 4 forward/reverse sequences, 0 forward only sequences, 0 reverse only sequences
Input Read Pairs: 15732785 Both Surviving: 15617048 (99.26%) Forward Only Surviving: 115426 (0.73%) Reverse Only Surviving: 310 (0.00%) Dropped: 1 (0.00%)
TrimmomaticPE: Completed successfully
Sample: Cv5786_07_NY_1_4
TrimmomaticPE: Started with arguments:
 -threads 1 -phred33 /workdir/hz269/DelBay20/raw_fastq/Cv5786_15_CKDL210000056-1a-5UDI2611-AK17464_HNMTKDSXY_L4_1.fq.gz /workdir/hz269/DelBay20/raw_fastq/Cv5786_15_CKDL210000056-1a-5UDI2611-AK17464_HNMTKDSXY_L4_2.fq.gz /workdir/hz269/DelBay20/adapter_clipped/Cv5786_07_NY_1_4_adapter_clipped_f_paired.fastq.gz /workdir/hz269/DelBay20/adapter_clipped/Cv5786_07_NY_1_4_adapter_clipped_f_unpaired.fastq.gz /workdir/hz269/DelBay20/adapter_clipped/Cv5786_07_NY_1_4_adapter_clipped_r_paired.fastq.gz /workdir/hz269/DelBay20/adapter_clipped/Cv5786_07_NY_1_4_adapter_clipped_r_unpaired.fastq.gz ILLUMINACLIP:/workdir/hz269/DelBay20/reference/NexteraPE-PE.fa:2:30:10:1:true MINLENGTH:80
Using PrefixPair: 'AGATGTGTATAAGAGACAG' and 'AGATGTGTATAAGAGACAG'
Using Long Clipping Sequence: 'GTCTCGTGGGCTCGGAGATGTGTATAAGAGACAG'
Using Long Clipping Sequence: 'TCGTCGGCAGCGTCAGATGTGTATAAGAGACAG'
Using Long Clipping Sequence: 'CTGTCTCTTATACACATCTCCGAGCCCACGAGAC'
Using Long Clipping Sequence: 'CTGTCTCTTATACACATCTGACGCTGCCGACGA'
ILLUMINACLIP: Using 1 prefix pairs, 4 forward/reverse sequences, 0 forward only sequences, 0 reverse only sequences
Input Read Pairs: 12880138 Both Surviving: 12765442 (99.11%) Forward Only Surviving: 114412 (0.89%) Reverse Only Surviving: 282 (0.00%) Dropped: 2 (0.00%)
TrimmomaticPE: Completed successfully
Runtime: 4:49:38 (hh:mm:ss)
