Sample: Cv220_CHR_1_4
TrimmomaticPE: Started with arguments:
 -threads 1 -phred33 /workdir/hz269/DelBay20/raw_fastq/Cv220_CKDL210000056-1a-AK11181-AK12536_HNMTKDSXY_L4_1.fq.gz /workdir/hz269/DelBay20/raw_fastq/Cv220_CKDL210000056-1a-AK11181-AK12536_HNMTKDSXY_L4_2.fq.gz /workdir/hz269/DelBay20/adapter_clipped/Cv220_CHR_1_4_adapter_clipped_f_paired.fastq.gz /workdir/hz269/DelBay20/adapter_clipped/Cv220_CHR_1_4_adapter_clipped_f_unpaired.fastq.gz /workdir/hz269/DelBay20/adapter_clipped/Cv220_CHR_1_4_adapter_clipped_r_paired.fastq.gz /workdir/hz269/DelBay20/adapter_clipped/Cv220_CHR_1_4_adapter_clipped_r_unpaired.fastq.gz ILLUMINACLIP:/workdir/hz269/DelBay20/reference/NexteraPE-PE.fa:2:30:10:1:true MINLENGTH:80
Using PrefixPair: 'AGATGTGTATAAGAGACAG' and 'AGATGTGTATAAGAGACAG'
Using Long Clipping Sequence: 'GTCTCGTGGGCTCGGAGATGTGTATAAGAGACAG'
Using Long Clipping Sequence: 'TCGTCGGCAGCGTCAGATGTGTATAAGAGACAG'
Using Long Clipping Sequence: 'CTGTCTCTTATACACATCTCCGAGCCCACGAGAC'
Using Long Clipping Sequence: 'CTGTCTCTTATACACATCTGACGCTGCCGACGA'
ILLUMINACLIP: Using 1 prefix pairs, 4 forward/reverse sequences, 0 forward only sequences, 0 reverse only sequences
Input Read Pairs: 31492223 Both Surviving: 31324129 (99.47%) Forward Only Surviving: 167745 (0.53%) Reverse Only Surviving: 349 (0.00%) Dropped: 0 (0.00%)
TrimmomaticPE: Completed successfully
Sample: Cv230_CHR_1_4
TrimmomaticPE: Started with arguments:
 -threads 1 -phred33 /workdir/hz269/DelBay20/raw_fastq/Cv230_CKDL210000056-1a-AK11172-5UDI1027_HNMTKDSXY_L4_1.fq.gz /workdir/hz269/DelBay20/raw_fastq/Cv230_CKDL210000056-1a-AK11172-5UDI1027_HNMTKDSXY_L4_2.fq.gz /workdir/hz269/DelBay20/adapter_clipped/Cv230_CHR_1_4_adapter_clipped_f_paired.fastq.gz /workdir/hz269/DelBay20/adapter_clipped/Cv230_CHR_1_4_adapter_clipped_f_unpaired.fastq.gz /workdir/hz269/DelBay20/adapter_clipped/Cv230_CHR_1_4_adapter_clipped_r_paired.fastq.gz /workdir/hz269/DelBay20/adapter_clipped/Cv230_CHR_1_4_adapter_clipped_r_unpaired.fastq.gz ILLUMINACLIP:/workdir/hz269/DelBay20/reference/NexteraPE-PE.fa:2:30:10:1:true MINLENGTH:80
Using PrefixPair: 'AGATGTGTATAAGAGACAG' and 'AGATGTGTATAAGAGACAG'
Using Long Clipping Sequence: 'GTCTCGTGGGCTCGGAGATGTGTATAAGAGACAG'
Using Long Clipping Sequence: 'TCGTCGGCAGCGTCAGATGTGTATAAGAGACAG'
Using Long Clipping Sequence: 'CTGTCTCTTATACACATCTCCGAGCCCACGAGAC'
Using Long Clipping Sequence: 'CTGTCTCTTATACACATCTGACGCTGCCGACGA'
ILLUMINACLIP: Using 1 prefix pairs, 4 forward/reverse sequences, 0 forward only sequences, 0 reverse only sequences
Input Read Pairs: 21465424 Both Surviving: 21323173 (99.34%) Forward Only Surviving: 141810 (0.66%) Reverse Only Surviving: 441 (0.00%) Dropped: 0 (0.00%)
TrimmomaticPE: Completed successfully
Sample: Cv240_CHR_1_4
TrimmomaticPE: Started with arguments:
 -threads 1 -phred33 /workdir/hz269/DelBay20/raw_fastq/Cv240_CKDL210000056-1a-AK11347-AK16449_HNMTKDSXY_L4_1.fq.gz /workdir/hz269/DelBay20/raw_fastq/Cv240_CKDL210000056-1a-AK11347-AK16449_HNMTKDSXY_L4_2.fq.gz /workdir/hz269/DelBay20/adapter_clipped/Cv240_CHR_1_4_adapter_clipped_f_paired.fastq.gz /workdir/hz269/DelBay20/adapter_clipped/Cv240_CHR_1_4_adapter_clipped_f_unpaired.fastq.gz /workdir/hz269/DelBay20/adapter_clipped/Cv240_CHR_1_4_adapter_clipped_r_paired.fastq.gz /workdir/hz269/DelBay20/adapter_clipped/Cv240_CHR_1_4_adapter_clipped_r_unpaired.fastq.gz ILLUMINACLIP:/workdir/hz269/DelBay20/reference/NexteraPE-PE.fa:2:30:10:1:true MINLENGTH:80
Using PrefixPair: 'AGATGTGTATAAGAGACAG' and 'AGATGTGTATAAGAGACAG'
Using Long Clipping Sequence: 'GTCTCGTGGGCTCGGAGATGTGTATAAGAGACAG'
Using Long Clipping Sequence: 'TCGTCGGCAGCGTCAGATGTGTATAAGAGACAG'
Using Long Clipping Sequence: 'CTGTCTCTTATACACATCTCCGAGCCCACGAGAC'
Using Long Clipping Sequence: 'CTGTCTCTTATACACATCTGACGCTGCCGACGA'
ILLUMINACLIP: Using 1 prefix pairs, 4 forward/reverse sequences, 0 forward only sequences, 0 reverse only sequences
Input Read Pairs: 15429657 Both Surviving: 15309963 (99.22%) Forward Only Surviving: 119428 (0.77%) Reverse Only Surviving: 266 (0.00%) Dropped: 0 (0.00%)
TrimmomaticPE: Completed successfully
Sample: Cv241_CHR_1_4
TrimmomaticPE: Started with arguments:
 -threads 1 -phred33 /workdir/hz269/DelBay20/raw_fastq/Cv241_CKDL210000056-1a-AK11273-AK7478_HNMTKDSXY_L4_1.fq.gz /workdir/hz269/DelBay20/raw_fastq/Cv241_CKDL210000056-1a-AK11273-AK7478_HNMTKDSXY_L4_2.fq.gz /workdir/hz269/DelBay20/adapter_clipped/Cv241_CHR_1_4_adapter_clipped_f_paired.fastq.gz /workdir/hz269/DelBay20/adapter_clipped/Cv241_CHR_1_4_adapter_clipped_f_unpaired.fastq.gz /workdir/hz269/DelBay20/adapter_clipped/Cv241_CHR_1_4_adapter_clipped_r_paired.fastq.gz /workdir/hz269/DelBay20/adapter_clipped/Cv241_CHR_1_4_adapter_clipped_r_unpaired.fastq.gz ILLUMINACLIP:/workdir/hz269/DelBay20/reference/NexteraPE-PE.fa:2:30:10:1:true MINLENGTH:80
Using PrefixPair: 'AGATGTGTATAAGAGACAG' and 'AGATGTGTATAAGAGACAG'
Using Long Clipping Sequence: 'GTCTCGTGGGCTCGGAGATGTGTATAAGAGACAG'
Using Long Clipping Sequence: 'TCGTCGGCAGCGTCAGATGTGTATAAGAGACAG'
Using Long Clipping Sequence: 'CTGTCTCTTATACACATCTCCGAGCCCACGAGAC'
Using Long Clipping Sequence: 'CTGTCTCTTATACACATCTGACGCTGCCGACGA'
ILLUMINACLIP: Using 1 prefix pairs, 4 forward/reverse sequences, 0 forward only sequences, 0 reverse only sequences
Input Read Pairs: 22405453 Both Surviving: 22244094 (99.28%) Forward Only Surviving: 161105 (0.72%) Reverse Only Surviving: 251 (0.00%) Dropped: 3 (0.00%)
TrimmomaticPE: Completed successfully
Sample: Cv242_CHR_1_4
TrimmomaticPE: Started with arguments:
 -threads 1 -phred33 /workdir/hz269/DelBay20/raw_fastq/Cv242_CKDL210000056-1a-AK11317-AK16450_HNMTKDSXY_L4_1.fq.gz /workdir/hz269/DelBay20/raw_fastq/Cv242_CKDL210000056-1a-AK11317-AK16450_HNMTKDSXY_L4_2.fq.gz /workdir/hz269/DelBay20/adapter_clipped/Cv242_CHR_1_4_adapter_clipped_f_paired.fastq.gz /workdir/hz269/DelBay20/adapter_clipped/Cv242_CHR_1_4_adapter_clipped_f_unpaired.fastq.gz /workdir/hz269/DelBay20/adapter_clipped/Cv242_CHR_1_4_adapter_clipped_r_paired.fastq.gz /workdir/hz269/DelBay20/adapter_clipped/Cv242_CHR_1_4_adapter_clipped_r_unpaired.fastq.gz ILLUMINACLIP:/workdir/hz269/DelBay20/reference/NexteraPE-PE.fa:2:30:10:1:true MINLENGTH:80
Using PrefixPair: 'AGATGTGTATAAGAGACAG' and 'AGATGTGTATAAGAGACAG'
Using Long Clipping Sequence: 'GTCTCGTGGGCTCGGAGATGTGTATAAGAGACAG'
Using Long Clipping Sequence: 'TCGTCGGCAGCGTCAGATGTGTATAAGAGACAG'
Using Long Clipping Sequence: 'CTGTCTCTTATACACATCTCCGAGCCCACGAGAC'
Using Long Clipping Sequence: 'CTGTCTCTTATACACATCTGACGCTGCCGACGA'
ILLUMINACLIP: Using 1 prefix pairs, 4 forward/reverse sequences, 0 forward only sequences, 0 reverse only sequences
Input Read Pairs: 24092245 Both Surviving: 23899382 (99.20%) Forward Only Surviving: 192438 (0.80%) Reverse Only Surviving: 424 (0.00%) Dropped: 1 (0.00%)
TrimmomaticPE: Completed successfully
Sample: Cv247_CHR_1_4
TrimmomaticPE: Started with arguments:
 -threads 1 -phred33 /workdir/hz269/DelBay20/raw_fastq/Cv247_CKDL210000056-1a-AK11371-AK11185_HNMTKDSXY_L4_1.fq.gz /workdir/hz269/DelBay20/raw_fastq/Cv247_CKDL210000056-1a-AK11371-AK11185_HNMTKDSXY_L4_2.fq.gz /workdir/hz269/DelBay20/adapter_clipped/Cv247_CHR_1_4_adapter_clipped_f_paired.fastq.gz /workdir/hz269/DelBay20/adapter_clipped/Cv247_CHR_1_4_adapter_clipped_f_unpaired.fastq.gz /workdir/hz269/DelBay20/adapter_clipped/Cv247_CHR_1_4_adapter_clipped_r_paired.fastq.gz /workdir/hz269/DelBay20/adapter_clipped/Cv247_CHR_1_4_adapter_clipped_r_unpaired.fastq.gz ILLUMINACLIP:/workdir/hz269/DelBay20/reference/NexteraPE-PE.fa:2:30:10:1:true MINLENGTH:80
Using PrefixPair: 'AGATGTGTATAAGAGACAG' and 'AGATGTGTATAAGAGACAG'
Using Long Clipping Sequence: 'GTCTCGTGGGCTCGGAGATGTGTATAAGAGACAG'
Using Long Clipping Sequence: 'TCGTCGGCAGCGTCAGATGTGTATAAGAGACAG'
Using Long Clipping Sequence: 'CTGTCTCTTATACACATCTCCGAGCCCACGAGAC'
Using Long Clipping Sequence: 'CTGTCTCTTATACACATCTGACGCTGCCGACGA'
ILLUMINACLIP: Using 1 prefix pairs, 4 forward/reverse sequences, 0 forward only sequences, 0 reverse only sequences
Input Read Pairs: 17696535 Both Surviving: 17503657 (98.91%) Forward Only Surviving: 192643 (1.09%) Reverse Only Surviving: 233 (0.00%) Dropped: 2 (0.00%)
TrimmomaticPE: Completed successfully
Sample: Cv249_CHR_1_4
TrimmomaticPE: Started with arguments:
 -threads 1 -phred33 /workdir/hz269/DelBay20/raw_fastq/Cv249_CKDL210000056-1a-AK17125-AK11150_HNMTKDSXY_L4_1.fq.gz /workdir/hz269/DelBay20/raw_fastq/Cv249_CKDL210000056-1a-AK17125-AK11150_HNMTKDSXY_L4_2.fq.gz /workdir/hz269/DelBay20/adapter_clipped/Cv249_CHR_1_4_adapter_clipped_f_paired.fastq.gz /workdir/hz269/DelBay20/adapter_clipped/Cv249_CHR_1_4_adapter_clipped_f_unpaired.fastq.gz /workdir/hz269/DelBay20/adapter_clipped/Cv249_CHR_1_4_adapter_clipped_r_paired.fastq.gz /workdir/hz269/DelBay20/adapter_clipped/Cv249_CHR_1_4_adapter_clipped_r_unpaired.fastq.gz ILLUMINACLIP:/workdir/hz269/DelBay20/reference/NexteraPE-PE.fa:2:30:10:1:true MINLENGTH:80
Using PrefixPair: 'AGATGTGTATAAGAGACAG' and 'AGATGTGTATAAGAGACAG'
Using Long Clipping Sequence: 'GTCTCGTGGGCTCGGAGATGTGTATAAGAGACAG'
Using Long Clipping Sequence: 'TCGTCGGCAGCGTCAGATGTGTATAAGAGACAG'
Using Long Clipping Sequence: 'CTGTCTCTTATACACATCTCCGAGCCCACGAGAC'
Using Long Clipping Sequence: 'CTGTCTCTTATACACATCTGACGCTGCCGACGA'
ILLUMINACLIP: Using 1 prefix pairs, 4 forward/reverse sequences, 0 forward only sequences, 0 reverse only sequences
Input Read Pairs: 24702561 Both Surviving: 24509171 (99.22%) Forward Only Surviving: 193052 (0.78%) Reverse Only Surviving: 337 (0.00%) Dropped: 1 (0.00%)
TrimmomaticPE: Completed successfully
Sample: Cv259_CHR_1_4
TrimmomaticPE: Started with arguments:
 -threads 1 -phred33 /workdir/hz269/DelBay20/raw_fastq/Cv259_CKDL210000056-1a-AK7618-AK13493_HNMTKDSXY_L4_1.fq.gz /workdir/hz269/DelBay20/raw_fastq/Cv259_CKDL210000056-1a-AK7618-AK13493_HNMTKDSXY_L4_2.fq.gz /workdir/hz269/DelBay20/adapter_clipped/Cv259_CHR_1_4_adapter_clipped_f_paired.fastq.gz /workdir/hz269/DelBay20/adapter_clipped/Cv259_CHR_1_4_adapter_clipped_f_unpaired.fastq.gz /workdir/hz269/DelBay20/adapter_clipped/Cv259_CHR_1_4_adapter_clipped_r_paired.fastq.gz /workdir/hz269/DelBay20/adapter_clipped/Cv259_CHR_1_4_adapter_clipped_r_unpaired.fastq.gz ILLUMINACLIP:/workdir/hz269/DelBay20/reference/NexteraPE-PE.fa:2:30:10:1:true MINLENGTH:80
Using PrefixPair: 'AGATGTGTATAAGAGACAG' and 'AGATGTGTATAAGAGACAG'
Using Long Clipping Sequence: 'GTCTCGTGGGCTCGGAGATGTGTATAAGAGACAG'
Using Long Clipping Sequence: 'TCGTCGGCAGCGTCAGATGTGTATAAGAGACAG'
Using Long Clipping Sequence: 'CTGTCTCTTATACACATCTCCGAGCCCACGAGAC'
Using Long Clipping Sequence: 'CTGTCTCTTATACACATCTGACGCTGCCGACGA'
ILLUMINACLIP: Using 1 prefix pairs, 4 forward/reverse sequences, 0 forward only sequences, 0 reverse only sequences
Input Read Pairs: 16933930 Both Surviving: 16799682 (99.21%) Forward Only Surviving: 134005 (0.79%) Reverse Only Surviving: 243 (0.00%) Dropped: 0 (0.00%)
TrimmomaticPE: Completed successfully
Sample: Cv263_CHR_1_4
TrimmomaticPE: Started with arguments:
 -threads 1 -phred33 /workdir/hz269/DelBay20/raw_fastq/Cv263_CKDL210000056-1a-AK11614-AK11521_HNMTKDSXY_L4_1.fq.gz /workdir/hz269/DelBay20/raw_fastq/Cv263_CKDL210000056-1a-AK11614-AK11521_HNMTKDSXY_L4_2.fq.gz /workdir/hz269/DelBay20/adapter_clipped/Cv263_CHR_1_4_adapter_clipped_f_paired.fastq.gz /workdir/hz269/DelBay20/adapter_clipped/Cv263_CHR_1_4_adapter_clipped_f_unpaired.fastq.gz /workdir/hz269/DelBay20/adapter_clipped/Cv263_CHR_1_4_adapter_clipped_r_paired.fastq.gz /workdir/hz269/DelBay20/adapter_clipped/Cv263_CHR_1_4_adapter_clipped_r_unpaired.fastq.gz ILLUMINACLIP:/workdir/hz269/DelBay20/reference/NexteraPE-PE.fa:2:30:10:1:true MINLENGTH:80
Using PrefixPair: 'AGATGTGTATAAGAGACAG' and 'AGATGTGTATAAGAGACAG'
Using Long Clipping Sequence: 'GTCTCGTGGGCTCGGAGATGTGTATAAGAGACAG'
Using Long Clipping Sequence: 'TCGTCGGCAGCGTCAGATGTGTATAAGAGACAG'
Using Long Clipping Sequence: 'CTGTCTCTTATACACATCTCCGAGCCCACGAGAC'
Using Long Clipping Sequence: 'CTGTCTCTTATACACATCTGACGCTGCCGACGA'
ILLUMINACLIP: Using 1 prefix pairs, 4 forward/reverse sequences, 0 forward only sequences, 0 reverse only sequences
Input Read Pairs: 20045645 Both Surviving: 19848939 (99.02%) Forward Only Surviving: 196418 (0.98%) Reverse Only Surviving: 285 (0.00%) Dropped: 3 (0.00%)
TrimmomaticPE: Completed successfully
Sample: Cv270_CHR_1_4
TrimmomaticPE: Started with arguments:
 -threads 1 -phred33 /workdir/hz269/DelBay20/raw_fastq/Cv270_CKDL210000056-1a-AK11332-AK12653_HNMTKDSXY_L4_1.fq.gz /workdir/hz269/DelBay20/raw_fastq/Cv270_CKDL210000056-1a-AK11332-AK12653_HNMTKDSXY_L4_2.fq.gz /workdir/hz269/DelBay20/adapter_clipped/Cv270_CHR_1_4_adapter_clipped_f_paired.fastq.gz /workdir/hz269/DelBay20/adapter_clipped/Cv270_CHR_1_4_adapter_clipped_f_unpaired.fastq.gz /workdir/hz269/DelBay20/adapter_clipped/Cv270_CHR_1_4_adapter_clipped_r_paired.fastq.gz /workdir/hz269/DelBay20/adapter_clipped/Cv270_CHR_1_4_adapter_clipped_r_unpaired.fastq.gz ILLUMINACLIP:/workdir/hz269/DelBay20/reference/NexteraPE-PE.fa:2:30:10:1:true MINLENGTH:80
Using PrefixPair: 'AGATGTGTATAAGAGACAG' and 'AGATGTGTATAAGAGACAG'
Using Long Clipping Sequence: 'GTCTCGTGGGCTCGGAGATGTGTATAAGAGACAG'
Using Long Clipping Sequence: 'TCGTCGGCAGCGTCAGATGTGTATAAGAGACAG'
Using Long Clipping Sequence: 'CTGTCTCTTATACACATCTCCGAGCCCACGAGAC'
Using Long Clipping Sequence: 'CTGTCTCTTATACACATCTGACGCTGCCGACGA'
ILLUMINACLIP: Using 1 prefix pairs, 4 forward/reverse sequences, 0 forward only sequences, 0 reverse only sequences
Input Read Pairs: 17196945 Both Surviving: 17067589 (99.25%) Forward Only Surviving: 129156 (0.75%) Reverse Only Surviving: 198 (0.00%) Dropped: 2 (0.00%)
TrimmomaticPE: Completed successfully
Runtime: 8:21:53 (hh:mm:ss)
