Sample: Cv87_CHR_1_4
TrimmomaticPE: Started with arguments:
 -threads 1 -phred33 /workdir/hz269/DelBay20/raw_fastq/Cv87_CKDL210000056-1a-AK4425-AK17408_HNMTKDSXY_L4_1.fq.gz /workdir/hz269/DelBay20/raw_fastq/Cv87_CKDL210000056-1a-AK4425-AK17408_HNMTKDSXY_L4_2.fq.gz /workdir/hz269/DelBay20/adapter_clipped/Cv87_CHR_1_4_adapter_clipped_f_paired.fastq.gz /workdir/hz269/DelBay20/adapter_clipped/Cv87_CHR_1_4_adapter_clipped_f_unpaired.fastq.gz /workdir/hz269/DelBay20/adapter_clipped/Cv87_CHR_1_4_adapter_clipped_r_paired.fastq.gz /workdir/hz269/DelBay20/adapter_clipped/Cv87_CHR_1_4_adapter_clipped_r_unpaired.fastq.gz ILLUMINACLIP:/workdir/hz269/DelBay20/reference/NexteraPE-PE.fa:2:30:10:1:true MINLENGTH:80
Using PrefixPair: 'AGATGTGTATAAGAGACAG' and 'AGATGTGTATAAGAGACAG'
Using Long Clipping Sequence: 'GTCTCGTGGGCTCGGAGATGTGTATAAGAGACAG'
Using Long Clipping Sequence: 'TCGTCGGCAGCGTCAGATGTGTATAAGAGACAG'
Using Long Clipping Sequence: 'CTGTCTCTTATACACATCTCCGAGCCCACGAGAC'
Using Long Clipping Sequence: 'CTGTCTCTTATACACATCTGACGCTGCCGACGA'
ILLUMINACLIP: Using 1 prefix pairs, 4 forward/reverse sequences, 0 forward only sequences, 0 reverse only sequences
Input Read Pairs: 13323582 Both Surviving: 13214975 (99.18%) Forward Only Surviving: 108512 (0.81%) Reverse Only Surviving: 94 (0.00%) Dropped: 1 (0.00%)
TrimmomaticPE: Completed successfully
Sample: Cv102_REF_1_4
TrimmomaticPE: Started with arguments:
 -threads 1 -phred33 /workdir/hz269/DelBay20/raw_fastq/Cv102_CKDL210000056-1a-AK16446-AK17095_HNMTKDSXY_L4_1.fq.gz /workdir/hz269/DelBay20/raw_fastq/Cv102_CKDL210000056-1a-AK16446-AK17095_HNMTKDSXY_L4_2.fq.gz /workdir/hz269/DelBay20/adapter_clipped/Cv102_REF_1_4_adapter_clipped_f_paired.fastq.gz /workdir/hz269/DelBay20/adapter_clipped/Cv102_REF_1_4_adapter_clipped_f_unpaired.fastq.gz /workdir/hz269/DelBay20/adapter_clipped/Cv102_REF_1_4_adapter_clipped_r_paired.fastq.gz /workdir/hz269/DelBay20/adapter_clipped/Cv102_REF_1_4_adapter_clipped_r_unpaired.fastq.gz ILLUMINACLIP:/workdir/hz269/DelBay20/reference/NexteraPE-PE.fa:2:30:10:1:true MINLENGTH:80
Using PrefixPair: 'AGATGTGTATAAGAGACAG' and 'AGATGTGTATAAGAGACAG'
Using Long Clipping Sequence: 'GTCTCGTGGGCTCGGAGATGTGTATAAGAGACAG'
Using Long Clipping Sequence: 'TCGTCGGCAGCGTCAGATGTGTATAAGAGACAG'
Using Long Clipping Sequence: 'CTGTCTCTTATACACATCTCCGAGCCCACGAGAC'
Using Long Clipping Sequence: 'CTGTCTCTTATACACATCTGACGCTGCCGACGA'
ILLUMINACLIP: Using 1 prefix pairs, 4 forward/reverse sequences, 0 forward only sequences, 0 reverse only sequences
Input Read Pairs: 10889337 Both Surviving: 10772663 (98.93%) Forward Only Surviving: 116547 (1.07%) Reverse Only Surviving: 123 (0.00%) Dropped: 4 (0.00%)
TrimmomaticPE: Completed successfully
Sample: Cv105_REF_1_4
TrimmomaticPE: Started with arguments:
 -threads 1 -phred33 /workdir/hz269/DelBay20/raw_fastq/Cv105_CKDL210000056-1a-AK11429-AK11386_HNMTKDSXY_L4_1.fq.gz /workdir/hz269/DelBay20/raw_fastq/Cv105_CKDL210000056-1a-AK11429-AK11386_HNMTKDSXY_L4_2.fq.gz /workdir/hz269/DelBay20/adapter_clipped/Cv105_REF_1_4_adapter_clipped_f_paired.fastq.gz /workdir/hz269/DelBay20/adapter_clipped/Cv105_REF_1_4_adapter_clipped_f_unpaired.fastq.gz /workdir/hz269/DelBay20/adapter_clipped/Cv105_REF_1_4_adapter_clipped_r_paired.fastq.gz /workdir/hz269/DelBay20/adapter_clipped/Cv105_REF_1_4_adapter_clipped_r_unpaired.fastq.gz ILLUMINACLIP:/workdir/hz269/DelBay20/reference/NexteraPE-PE.fa:2:30:10:1:true MINLENGTH:80
Using PrefixPair: 'AGATGTGTATAAGAGACAG' and 'AGATGTGTATAAGAGACAG'
Using Long Clipping Sequence: 'GTCTCGTGGGCTCGGAGATGTGTATAAGAGACAG'
Using Long Clipping Sequence: 'TCGTCGGCAGCGTCAGATGTGTATAAGAGACAG'
Using Long Clipping Sequence: 'CTGTCTCTTATACACATCTCCGAGCCCACGAGAC'
Using Long Clipping Sequence: 'CTGTCTCTTATACACATCTGACGCTGCCGACGA'
ILLUMINACLIP: Using 1 prefix pairs, 4 forward/reverse sequences, 0 forward only sequences, 0 reverse only sequences
Input Read Pairs: 16127637 Both Surviving: 16003819 (99.23%) Forward Only Surviving: 123627 (0.77%) Reverse Only Surviving: 191 (0.00%) Dropped: 0 (0.00%)
TrimmomaticPE: Completed successfully
Sample: Cv112_REF_1_4
TrimmomaticPE: Started with arguments:
 -threads 1 -phred33 /workdir/hz269/DelBay20/raw_fastq/Cv112_CKDL210000056-1a-AK11518-AK11461_HNMTKDSXY_L4_1.fq.gz /workdir/hz269/DelBay20/raw_fastq/Cv112_CKDL210000056-1a-AK11518-AK11461_HNMTKDSXY_L4_2.fq.gz /workdir/hz269/DelBay20/adapter_clipped/Cv112_REF_1_4_adapter_clipped_f_paired.fastq.gz /workdir/hz269/DelBay20/adapter_clipped/Cv112_REF_1_4_adapter_clipped_f_unpaired.fastq.gz /workdir/hz269/DelBay20/adapter_clipped/Cv112_REF_1_4_adapter_clipped_r_paired.fastq.gz /workdir/hz269/DelBay20/adapter_clipped/Cv112_REF_1_4_adapter_clipped_r_unpaired.fastq.gz ILLUMINACLIP:/workdir/hz269/DelBay20/reference/NexteraPE-PE.fa:2:30:10:1:true MINLENGTH:80
Using PrefixPair: 'AGATGTGTATAAGAGACAG' and 'AGATGTGTATAAGAGACAG'
Using Long Clipping Sequence: 'GTCTCGTGGGCTCGGAGATGTGTATAAGAGACAG'
Using Long Clipping Sequence: 'TCGTCGGCAGCGTCAGATGTGTATAAGAGACAG'
Using Long Clipping Sequence: 'CTGTCTCTTATACACATCTCCGAGCCCACGAGAC'
Using Long Clipping Sequence: 'CTGTCTCTTATACACATCTGACGCTGCCGACGA'
ILLUMINACLIP: Using 1 prefix pairs, 4 forward/reverse sequences, 0 forward only sequences, 0 reverse only sequences
Input Read Pairs: 15150654 Both Surviving: 15022542 (99.15%) Forward Only Surviving: 127974 (0.84%) Reverse Only Surviving: 137 (0.00%) Dropped: 1 (0.00%)
TrimmomaticPE: Completed successfully
Sample: Cv133_REF_1_4
TrimmomaticPE: Started with arguments:
 -threads 1 -phred33 /workdir/hz269/DelBay20/raw_fastq/Cv133_CKDL210000056-1a-AK9800-AK11359_HNMTKDSXY_L4_1.fq.gz /workdir/hz269/DelBay20/raw_fastq/Cv133_CKDL210000056-1a-AK9800-AK11359_HNMTKDSXY_L4_2.fq.gz /workdir/hz269/DelBay20/adapter_clipped/Cv133_REF_1_4_adapter_clipped_f_paired.fastq.gz /workdir/hz269/DelBay20/adapter_clipped/Cv133_REF_1_4_adapter_clipped_f_unpaired.fastq.gz /workdir/hz269/DelBay20/adapter_clipped/Cv133_REF_1_4_adapter_clipped_r_paired.fastq.gz /workdir/hz269/DelBay20/adapter_clipped/Cv133_REF_1_4_adapter_clipped_r_unpaired.fastq.gz ILLUMINACLIP:/workdir/hz269/DelBay20/reference/NexteraPE-PE.fa:2:30:10:1:true MINLENGTH:80
Using PrefixPair: 'AGATGTGTATAAGAGACAG' and 'AGATGTGTATAAGAGACAG'
Using Long Clipping Sequence: 'GTCTCGTGGGCTCGGAGATGTGTATAAGAGACAG'
Using Long Clipping Sequence: 'TCGTCGGCAGCGTCAGATGTGTATAAGAGACAG'
Using Long Clipping Sequence: 'CTGTCTCTTATACACATCTCCGAGCCCACGAGAC'
Using Long Clipping Sequence: 'CTGTCTCTTATACACATCTGACGCTGCCGACGA'
ILLUMINACLIP: Using 1 prefix pairs, 4 forward/reverse sequences, 0 forward only sequences, 0 reverse only sequences
Input Read Pairs: 24299313 Both Surviving: 24126412 (99.29%) Forward Only Surviving: 172735 (0.71%) Reverse Only Surviving: 165 (0.00%) Dropped: 1 (0.00%)
TrimmomaticPE: Completed successfully
Sample: Cv135_REF_1_4
TrimmomaticPE: Started with arguments:
 -threads 1 -phred33 /workdir/hz269/DelBay20/raw_fastq/Cv135_CKDL210000056-1a-AK17115-AK11421_HNMTKDSXY_L4_1.fq.gz /workdir/hz269/DelBay20/raw_fastq/Cv135_CKDL210000056-1a-AK17115-AK11421_HNMTKDSXY_L4_2.fq.gz /workdir/hz269/DelBay20/adapter_clipped/Cv135_REF_1_4_adapter_clipped_f_paired.fastq.gz /workdir/hz269/DelBay20/adapter_clipped/Cv135_REF_1_4_adapter_clipped_f_unpaired.fastq.gz /workdir/hz269/DelBay20/adapter_clipped/Cv135_REF_1_4_adapter_clipped_r_paired.fastq.gz /workdir/hz269/DelBay20/adapter_clipped/Cv135_REF_1_4_adapter_clipped_r_unpaired.fastq.gz ILLUMINACLIP:/workdir/hz269/DelBay20/reference/NexteraPE-PE.fa:2:30:10:1:true MINLENGTH:80
Using PrefixPair: 'AGATGTGTATAAGAGACAG' and 'AGATGTGTATAAGAGACAG'
Using Long Clipping Sequence: 'GTCTCGTGGGCTCGGAGATGTGTATAAGAGACAG'
Using Long Clipping Sequence: 'TCGTCGGCAGCGTCAGATGTGTATAAGAGACAG'
Using Long Clipping Sequence: 'CTGTCTCTTATACACATCTCCGAGCCCACGAGAC'
Using Long Clipping Sequence: 'CTGTCTCTTATACACATCTGACGCTGCCGACGA'
ILLUMINACLIP: Using 1 prefix pairs, 4 forward/reverse sequences, 0 forward only sequences, 0 reverse only sequences
Input Read Pairs: 33049842 Both Surviving: 32798107 (99.24%) Forward Only Surviving: 251462 (0.76%) Reverse Only Surviving: 269 (0.00%) Dropped: 4 (0.00%)
TrimmomaticPE: Completed successfully
Sample: Cv147_REF_1_4
TrimmomaticPE: Started with arguments:
 -threads 1 -phred33 /workdir/hz269/DelBay20/raw_fastq/Cv147_CKDL210000056-1a-AK11642-AK11432_HNMTKDSXY_L4_1.fq.gz /workdir/hz269/DelBay20/raw_fastq/Cv147_CKDL210000056-1a-AK11642-AK11432_HNMTKDSXY_L4_2.fq.gz /workdir/hz269/DelBay20/adapter_clipped/Cv147_REF_1_4_adapter_clipped_f_paired.fastq.gz /workdir/hz269/DelBay20/adapter_clipped/Cv147_REF_1_4_adapter_clipped_f_unpaired.fastq.gz /workdir/hz269/DelBay20/adapter_clipped/Cv147_REF_1_4_adapter_clipped_r_paired.fastq.gz /workdir/hz269/DelBay20/adapter_clipped/Cv147_REF_1_4_adapter_clipped_r_unpaired.fastq.gz ILLUMINACLIP:/workdir/hz269/DelBay20/reference/NexteraPE-PE.fa:2:30:10:1:true MINLENGTH:80
Using PrefixPair: 'AGATGTGTATAAGAGACAG' and 'AGATGTGTATAAGAGACAG'
Using Long Clipping Sequence: 'GTCTCGTGGGCTCGGAGATGTGTATAAGAGACAG'
Using Long Clipping Sequence: 'TCGTCGGCAGCGTCAGATGTGTATAAGAGACAG'
Using Long Clipping Sequence: 'CTGTCTCTTATACACATCTCCGAGCCCACGAGAC'
Using Long Clipping Sequence: 'CTGTCTCTTATACACATCTGACGCTGCCGACGA'
ILLUMINACLIP: Using 1 prefix pairs, 4 forward/reverse sequences, 0 forward only sequences, 0 reverse only sequences
Input Read Pairs: 11293299 Both Surviving: 11205345 (99.22%) Forward Only Surviving: 87877 (0.78%) Reverse Only Surviving: 76 (0.00%) Dropped: 1 (0.00%)
TrimmomaticPE: Completed successfully
Sample: Cv161_REF_1_4
TrimmomaticPE: Started with arguments:
 -threads 1 -phred33 /workdir/hz269/DelBay20/raw_fastq/Cv161_CKDL210000056-1a-AK17136-AK11664_HNMTKDSXY_L4_1.fq.gz /workdir/hz269/DelBay20/raw_fastq/Cv161_CKDL210000056-1a-AK17136-AK11664_HNMTKDSXY_L4_2.fq.gz /workdir/hz269/DelBay20/adapter_clipped/Cv161_REF_1_4_adapter_clipped_f_paired.fastq.gz /workdir/hz269/DelBay20/adapter_clipped/Cv161_REF_1_4_adapter_clipped_f_unpaired.fastq.gz /workdir/hz269/DelBay20/adapter_clipped/Cv161_REF_1_4_adapter_clipped_r_paired.fastq.gz /workdir/hz269/DelBay20/adapter_clipped/Cv161_REF_1_4_adapter_clipped_r_unpaired.fastq.gz ILLUMINACLIP:/workdir/hz269/DelBay20/reference/NexteraPE-PE.fa:2:30:10:1:true MINLENGTH:80
Using PrefixPair: 'AGATGTGTATAAGAGACAG' and 'AGATGTGTATAAGAGACAG'
Using Long Clipping Sequence: 'GTCTCGTGGGCTCGGAGATGTGTATAAGAGACAG'
Using Long Clipping Sequence: 'TCGTCGGCAGCGTCAGATGTGTATAAGAGACAG'
Using Long Clipping Sequence: 'CTGTCTCTTATACACATCTCCGAGCCCACGAGAC'
Using Long Clipping Sequence: 'CTGTCTCTTATACACATCTGACGCTGCCGACGA'
ILLUMINACLIP: Using 1 prefix pairs, 4 forward/reverse sequences, 0 forward only sequences, 0 reverse only sequences
Input Read Pairs: 18203877 Both Surviving: 18075581 (99.30%) Forward Only Surviving: 128131 (0.70%) Reverse Only Surviving: 165 (0.00%) Dropped: 0 (0.00%)
TrimmomaticPE: Completed successfully
Sample: Cv169_REF_1_4
TrimmomaticPE: Started with arguments:
 -threads 1 -phred33 /workdir/hz269/DelBay20/raw_fastq/Cv169_CKDL210000056-1a-AK17067-AK4527_HNMTKDSXY_L4_1.fq.gz /workdir/hz269/DelBay20/raw_fastq/Cv169_CKDL210000056-1a-AK17067-AK4527_HNMTKDSXY_L4_2.fq.gz /workdir/hz269/DelBay20/adapter_clipped/Cv169_REF_1_4_adapter_clipped_f_paired.fastq.gz /workdir/hz269/DelBay20/adapter_clipped/Cv169_REF_1_4_adapter_clipped_f_unpaired.fastq.gz /workdir/hz269/DelBay20/adapter_clipped/Cv169_REF_1_4_adapter_clipped_r_paired.fastq.gz /workdir/hz269/DelBay20/adapter_clipped/Cv169_REF_1_4_adapter_clipped_r_unpaired.fastq.gz ILLUMINACLIP:/workdir/hz269/DelBay20/reference/NexteraPE-PE.fa:2:30:10:1:true MINLENGTH:80
Using PrefixPair: 'AGATGTGTATAAGAGACAG' and 'AGATGTGTATAAGAGACAG'
Using Long Clipping Sequence: 'GTCTCGTGGGCTCGGAGATGTGTATAAGAGACAG'
Using Long Clipping Sequence: 'TCGTCGGCAGCGTCAGATGTGTATAAGAGACAG'
Using Long Clipping Sequence: 'CTGTCTCTTATACACATCTCCGAGCCCACGAGAC'
Using Long Clipping Sequence: 'CTGTCTCTTATACACATCTGACGCTGCCGACGA'
ILLUMINACLIP: Using 1 prefix pairs, 4 forward/reverse sequences, 0 forward only sequences, 0 reverse only sequences
Input Read Pairs: 18830476 Both Surviving: 18681101 (99.21%) Forward Only Surviving: 149275 (0.79%) Reverse Only Surviving: 98 (0.00%) Dropped: 2 (0.00%)
TrimmomaticPE: Completed successfully
Sample: Cv171_REF_1_4
TrimmomaticPE: Started with arguments:
 -threads 1 -phred33 /workdir/hz269/DelBay20/raw_fastq/Cv171_CKDL210000056-1a-AK12661-AK11350_HNMTKDSXY_L4_1.fq.gz /workdir/hz269/DelBay20/raw_fastq/Cv171_CKDL210000056-1a-AK12661-AK11350_HNMTKDSXY_L4_2.fq.gz /workdir/hz269/DelBay20/adapter_clipped/Cv171_REF_1_4_adapter_clipped_f_paired.fastq.gz /workdir/hz269/DelBay20/adapter_clipped/Cv171_REF_1_4_adapter_clipped_f_unpaired.fastq.gz /workdir/hz269/DelBay20/adapter_clipped/Cv171_REF_1_4_adapter_clipped_r_paired.fastq.gz /workdir/hz269/DelBay20/adapter_clipped/Cv171_REF_1_4_adapter_clipped_r_unpaired.fastq.gz ILLUMINACLIP:/workdir/hz269/DelBay20/reference/NexteraPE-PE.fa:2:30:10:1:true MINLENGTH:80
Using PrefixPair: 'AGATGTGTATAAGAGACAG' and 'AGATGTGTATAAGAGACAG'
Using Long Clipping Sequence: 'GTCTCGTGGGCTCGGAGATGTGTATAAGAGACAG'
Using Long Clipping Sequence: 'TCGTCGGCAGCGTCAGATGTGTATAAGAGACAG'
Using Long Clipping Sequence: 'CTGTCTCTTATACACATCTCCGAGCCCACGAGAC'
Using Long Clipping Sequence: 'CTGTCTCTTATACACATCTGACGCTGCCGACGA'
ILLUMINACLIP: Using 1 prefix pairs, 4 forward/reverse sequences, 0 forward only sequences, 0 reverse only sequences
Input Read Pairs: 19603923 Both Surviving: 19447699 (99.20%) Forward Only Surviving: 155937 (0.80%) Reverse Only Surviving: 286 (0.00%) Dropped: 1 (0.00%)
TrimmomaticPE: Completed successfully
Runtime: 7:16:10 (hh:mm:ss)
