Sample: HH13a_19_CT_1_4
TrimmomaticPE: Started with arguments:
 -threads 1 -phred33 /workdir/hz269/DelBay20/raw_fastq/HH13a_19_CKDL210000056-1a-AK11439-AK11703_HNMTKDSXY_L4_1.fq.gz /workdir/hz269/DelBay20/raw_fastq/HH13a_19_CKDL210000056-1a-AK11439-AK11703_HNMTKDSXY_L4_2.fq.gz /workdir/hz269/DelBay20/adapter_clipped/HH13a_19_CT_1_4_adapter_clipped_f_paired.fastq.gz /workdir/hz269/DelBay20/adapter_clipped/HH13a_19_CT_1_4_adapter_clipped_f_unpaired.fastq.gz /workdir/hz269/DelBay20/adapter_clipped/HH13a_19_CT_1_4_adapter_clipped_r_paired.fastq.gz /workdir/hz269/DelBay20/adapter_clipped/HH13a_19_CT_1_4_adapter_clipped_r_unpaired.fastq.gz ILLUMINACLIP:/workdir/hz269/DelBay20/reference/NexteraPE-PE.fa:2:30:10:1:true MINLENGTH:80
Using PrefixPair: 'AGATGTGTATAAGAGACAG' and 'AGATGTGTATAAGAGACAG'
Using Long Clipping Sequence: 'GTCTCGTGGGCTCGGAGATGTGTATAAGAGACAG'
Using Long Clipping Sequence: 'TCGTCGGCAGCGTCAGATGTGTATAAGAGACAG'
Using Long Clipping Sequence: 'CTGTCTCTTATACACATCTCCGAGCCCACGAGAC'
Using Long Clipping Sequence: 'CTGTCTCTTATACACATCTGACGCTGCCGACGA'
ILLUMINACLIP: Using 1 prefix pairs, 4 forward/reverse sequences, 0 forward only sequences, 0 reverse only sequences
Input Read Pairs: 25799868 Both Surviving: 25614382 (99.28%) Forward Only Surviving: 185009 (0.72%) Reverse Only Surviving: 477 (0.00%) Dropped: 0 (0.00%)
TrimmomaticPE: Completed successfully
Sample: HH13a_20_CT_1_4
TrimmomaticPE: Started with arguments:
 -threads 1 -phred33 /workdir/hz269/DelBay20/raw_fastq/HH13a_20_CKDL210000056-1a-AK11492-AK11614_HNMTKDSXY_L4_1.fq.gz /workdir/hz269/DelBay20/raw_fastq/HH13a_20_CKDL210000056-1a-AK11492-AK11614_HNMTKDSXY_L4_2.fq.gz /workdir/hz269/DelBay20/adapter_clipped/HH13a_20_CT_1_4_adapter_clipped_f_paired.fastq.gz /workdir/hz269/DelBay20/adapter_clipped/HH13a_20_CT_1_4_adapter_clipped_f_unpaired.fastq.gz /workdir/hz269/DelBay20/adapter_clipped/HH13a_20_CT_1_4_adapter_clipped_r_paired.fastq.gz /workdir/hz269/DelBay20/adapter_clipped/HH13a_20_CT_1_4_adapter_clipped_r_unpaired.fastq.gz ILLUMINACLIP:/workdir/hz269/DelBay20/reference/NexteraPE-PE.fa:2:30:10:1:true MINLENGTH:80
Using PrefixPair: 'AGATGTGTATAAGAGACAG' and 'AGATGTGTATAAGAGACAG'
Using Long Clipping Sequence: 'GTCTCGTGGGCTCGGAGATGTGTATAAGAGACAG'
Using Long Clipping Sequence: 'TCGTCGGCAGCGTCAGATGTGTATAAGAGACAG'
Using Long Clipping Sequence: 'CTGTCTCTTATACACATCTCCGAGCCCACGAGAC'
Using Long Clipping Sequence: 'CTGTCTCTTATACACATCTGACGCTGCCGACGA'
ILLUMINACLIP: Using 1 prefix pairs, 4 forward/reverse sequences, 0 forward only sequences, 0 reverse only sequences
Input Read Pairs: 21176798 Both Surviving: 20967787 (99.01%) Forward Only Surviving: 208608 (0.99%) Reverse Only Surviving: 400 (0.00%) Dropped: 3 (0.00%)
TrimmomaticPE: Completed successfully
Sample: HH13a_21_CT_1_4
TrimmomaticPE: Started with arguments:
 -threads 1 -phred33 /workdir/hz269/DelBay20/raw_fastq/HH13a_21_CKDL210000056-1a-AK11423-AK11618_HNMTKDSXY_L4_1.fq.gz /workdir/hz269/DelBay20/raw_fastq/HH13a_21_CKDL210000056-1a-AK11423-AK11618_HNMTKDSXY_L4_2.fq.gz /workdir/hz269/DelBay20/adapter_clipped/HH13a_21_CT_1_4_adapter_clipped_f_paired.fastq.gz /workdir/hz269/DelBay20/adapter_clipped/HH13a_21_CT_1_4_adapter_clipped_f_unpaired.fastq.gz /workdir/hz269/DelBay20/adapter_clipped/HH13a_21_CT_1_4_adapter_clipped_r_paired.fastq.gz /workdir/hz269/DelBay20/adapter_clipped/HH13a_21_CT_1_4_adapter_clipped_r_unpaired.fastq.gz ILLUMINACLIP:/workdir/hz269/DelBay20/reference/NexteraPE-PE.fa:2:30:10:1:true MINLENGTH:80
Using PrefixPair: 'AGATGTGTATAAGAGACAG' and 'AGATGTGTATAAGAGACAG'
Using Long Clipping Sequence: 'GTCTCGTGGGCTCGGAGATGTGTATAAGAGACAG'
Using Long Clipping Sequence: 'TCGTCGGCAGCGTCAGATGTGTATAAGAGACAG'
Using Long Clipping Sequence: 'CTGTCTCTTATACACATCTCCGAGCCCACGAGAC'
Using Long Clipping Sequence: 'CTGTCTCTTATACACATCTGACGCTGCCGACGA'
ILLUMINACLIP: Using 1 prefix pairs, 4 forward/reverse sequences, 0 forward only sequences, 0 reverse only sequences
Input Read Pairs: 16816867 Both Surviving: 16553750 (98.44%) Forward Only Surviving: 262691 (1.56%) Reverse Only Surviving: 418 (0.00%) Dropped: 8 (0.00%)
TrimmomaticPE: Completed successfully
Sample: HH13a_22_CT_1_4
TrimmomaticPE: Started with arguments:
 -threads 1 -phred33 /workdir/hz269/DelBay20/raw_fastq/HH13a_22_CKDL210000056-1a-AK24791-AK2898_HNMTKDSXY_L4_1.fq.gz /workdir/hz269/DelBay20/raw_fastq/HH13a_22_CKDL210000056-1a-AK24791-AK2898_HNMTKDSXY_L4_2.fq.gz /workdir/hz269/DelBay20/adapter_clipped/HH13a_22_CT_1_4_adapter_clipped_f_paired.fastq.gz /workdir/hz269/DelBay20/adapter_clipped/HH13a_22_CT_1_4_adapter_clipped_f_unpaired.fastq.gz /workdir/hz269/DelBay20/adapter_clipped/HH13a_22_CT_1_4_adapter_clipped_r_paired.fastq.gz /workdir/hz269/DelBay20/adapter_clipped/HH13a_22_CT_1_4_adapter_clipped_r_unpaired.fastq.gz ILLUMINACLIP:/workdir/hz269/DelBay20/reference/NexteraPE-PE.fa:2:30:10:1:true MINLENGTH:80
Using PrefixPair: 'AGATGTGTATAAGAGACAG' and 'AGATGTGTATAAGAGACAG'
Using Long Clipping Sequence: 'GTCTCGTGGGCTCGGAGATGTGTATAAGAGACAG'
Using Long Clipping Sequence: 'TCGTCGGCAGCGTCAGATGTGTATAAGAGACAG'
Using Long Clipping Sequence: 'CTGTCTCTTATACACATCTCCGAGCCCACGAGAC'
Using Long Clipping Sequence: 'CTGTCTCTTATACACATCTGACGCTGCCGACGA'
ILLUMINACLIP: Using 1 prefix pairs, 4 forward/reverse sequences, 0 forward only sequences, 0 reverse only sequences
Input Read Pairs: 25715433 Both Surviving: 25522082 (99.25%) Forward Only Surviving: 192726 (0.75%) Reverse Only Surviving: 624 (0.00%) Dropped: 1 (0.00%)
TrimmomaticPE: Completed successfully
Sample: HH13a_23_CT_1_4
TrimmomaticPE: Started with arguments:
 -threads 1 -phred33 /workdir/hz269/DelBay20/raw_fastq/HH13a_23_CKDL210000056-1a-AK17124-AK11489_HNMTKDSXY_L4_1.fq.gz /workdir/hz269/DelBay20/raw_fastq/HH13a_23_CKDL210000056-1a-AK17124-AK11489_HNMTKDSXY_L4_2.fq.gz /workdir/hz269/DelBay20/adapter_clipped/HH13a_23_CT_1_4_adapter_clipped_f_paired.fastq.gz /workdir/hz269/DelBay20/adapter_clipped/HH13a_23_CT_1_4_adapter_clipped_f_unpaired.fastq.gz /workdir/hz269/DelBay20/adapter_clipped/HH13a_23_CT_1_4_adapter_clipped_r_paired.fastq.gz /workdir/hz269/DelBay20/adapter_clipped/HH13a_23_CT_1_4_adapter_clipped_r_unpaired.fastq.gz ILLUMINACLIP:/workdir/hz269/DelBay20/reference/NexteraPE-PE.fa:2:30:10:1:true MINLENGTH:80
Using PrefixPair: 'AGATGTGTATAAGAGACAG' and 'AGATGTGTATAAGAGACAG'
Using Long Clipping Sequence: 'GTCTCGTGGGCTCGGAGATGTGTATAAGAGACAG'
Using Long Clipping Sequence: 'TCGTCGGCAGCGTCAGATGTGTATAAGAGACAG'
Using Long Clipping Sequence: 'CTGTCTCTTATACACATCTCCGAGCCCACGAGAC'
Using Long Clipping Sequence: 'CTGTCTCTTATACACATCTGACGCTGCCGACGA'
ILLUMINACLIP: Using 1 prefix pairs, 4 forward/reverse sequences, 0 forward only sequences, 0 reverse only sequences
Input Read Pairs: 26926829 Both Surviving: 26724055 (99.25%) Forward Only Surviving: 202126 (0.75%) Reverse Only Surviving: 646 (0.00%) Dropped: 2 (0.00%)
TrimmomaticPE: Completed successfully
Sample: HH13a_24_CT_1_4
TrimmomaticPE: Started with arguments:
 -threads 1 -phred33 /workdir/hz269/DelBay20/raw_fastq/HH13a_24_CKDL210000056-1a-AK11515-AK11294_HNMTKDSXY_L4_1.fq.gz /workdir/hz269/DelBay20/raw_fastq/HH13a_24_CKDL210000056-1a-AK11515-AK11294_HNMTKDSXY_L4_2.fq.gz /workdir/hz269/DelBay20/adapter_clipped/HH13a_24_CT_1_4_adapter_clipped_f_paired.fastq.gz /workdir/hz269/DelBay20/adapter_clipped/HH13a_24_CT_1_4_adapter_clipped_f_unpaired.fastq.gz /workdir/hz269/DelBay20/adapter_clipped/HH13a_24_CT_1_4_adapter_clipped_r_paired.fastq.gz /workdir/hz269/DelBay20/adapter_clipped/HH13a_24_CT_1_4_adapter_clipped_r_unpaired.fastq.gz ILLUMINACLIP:/workdir/hz269/DelBay20/reference/NexteraPE-PE.fa:2:30:10:1:true MINLENGTH:80
Using PrefixPair: 'AGATGTGTATAAGAGACAG' and 'AGATGTGTATAAGAGACAG'
Using Long Clipping Sequence: 'GTCTCGTGGGCTCGGAGATGTGTATAAGAGACAG'
Using Long Clipping Sequence: 'TCGTCGGCAGCGTCAGATGTGTATAAGAGACAG'
Using Long Clipping Sequence: 'CTGTCTCTTATACACATCTCCGAGCCCACGAGAC'
Using Long Clipping Sequence: 'CTGTCTCTTATACACATCTGACGCTGCCGACGA'
ILLUMINACLIP: Using 1 prefix pairs, 4 forward/reverse sequences, 0 forward only sequences, 0 reverse only sequences
Input Read Pairs: 24583345 Both Surviving: 24395371 (99.24%) Forward Only Surviving: 187355 (0.76%) Reverse Only Surviving: 614 (0.00%) Dropped: 5 (0.00%)
TrimmomaticPE: Completed successfully
Sample: HH13a_25_CT_1_4
TrimmomaticPE: Started with arguments:
 -threads 1 -phred33 /workdir/hz269/DelBay20/raw_fastq/HH13a_25_CKDL210000056-1a-AK285-AK11484_HNMTKDSXY_L4_1.fq.gz /workdir/hz269/DelBay20/raw_fastq/HH13a_25_CKDL210000056-1a-AK285-AK11484_HNMTKDSXY_L4_2.fq.gz /workdir/hz269/DelBay20/adapter_clipped/HH13a_25_CT_1_4_adapter_clipped_f_paired.fastq.gz /workdir/hz269/DelBay20/adapter_clipped/HH13a_25_CT_1_4_adapter_clipped_f_unpaired.fastq.gz /workdir/hz269/DelBay20/adapter_clipped/HH13a_25_CT_1_4_adapter_clipped_r_paired.fastq.gz /workdir/hz269/DelBay20/adapter_clipped/HH13a_25_CT_1_4_adapter_clipped_r_unpaired.fastq.gz ILLUMINACLIP:/workdir/hz269/DelBay20/reference/NexteraPE-PE.fa:2:30:10:1:true MINLENGTH:80
Using PrefixPair: 'AGATGTGTATAAGAGACAG' and 'AGATGTGTATAAGAGACAG'
Using Long Clipping Sequence: 'GTCTCGTGGGCTCGGAGATGTGTATAAGAGACAG'
Using Long Clipping Sequence: 'TCGTCGGCAGCGTCAGATGTGTATAAGAGACAG'
Using Long Clipping Sequence: 'CTGTCTCTTATACACATCTCCGAGCCCACGAGAC'
Using Long Clipping Sequence: 'CTGTCTCTTATACACATCTGACGCTGCCGACGA'
ILLUMINACLIP: Using 1 prefix pairs, 4 forward/reverse sequences, 0 forward only sequences, 0 reverse only sequences
Input Read Pairs: 13317081 Both Surviving: 13193145 (99.07%) Forward Only Surviving: 123744 (0.93%) Reverse Only Surviving: 191 (0.00%) Dropped: 1 (0.00%)
TrimmomaticPE: Completed successfully
Runtime: 6:20:38 (hh:mm:ss)
