Sample: Cv5785_29_NY_1_4
TrimmomaticPE: Started with arguments:
 -threads 1 -phred33 /workdir/hz269/DelBay20/raw_fastq/Cv5785_29_CKDL210000056-1a-AK10140-AK11721_HNMTKDSXY_L4_1.fq.gz /workdir/hz269/DelBay20/raw_fastq/Cv5785_29_CKDL210000056-1a-AK10140-AK11721_HNMTKDSXY_L4_2.fq.gz /workdir/hz269/DelBay20/adapter_clipped/Cv5785_29_NY_1_4_adapter_clipped_f_paired.fastq.gz /workdir/hz269/DelBay20/adapter_clipped/Cv5785_29_NY_1_4_adapter_clipped_f_unpaired.fastq.gz /workdir/hz269/DelBay20/adapter_clipped/Cv5785_29_NY_1_4_adapter_clipped_r_paired.fastq.gz /workdir/hz269/DelBay20/adapter_clipped/Cv5785_29_NY_1_4_adapter_clipped_r_unpaired.fastq.gz ILLUMINACLIP:/workdir/hz269/DelBay20/reference/NexteraPE-PE.fa:2:30:10:1:true MINLENGTH:80
Using PrefixPair: 'AGATGTGTATAAGAGACAG' and 'AGATGTGTATAAGAGACAG'
Using Long Clipping Sequence: 'GTCTCGTGGGCTCGGAGATGTGTATAAGAGACAG'
Using Long Clipping Sequence: 'TCGTCGGCAGCGTCAGATGTGTATAAGAGACAG'
Using Long Clipping Sequence: 'CTGTCTCTTATACACATCTCCGAGCCCACGAGAC'
Using Long Clipping Sequence: 'CTGTCTCTTATACACATCTGACGCTGCCGACGA'
ILLUMINACLIP: Using 1 prefix pairs, 4 forward/reverse sequences, 0 forward only sequences, 0 reverse only sequences
Input Read Pairs: 17613468 Both Surviving: 17484602 (99.27%) Forward Only Surviving: 128600 (0.73%) Reverse Only Surviving: 265 (0.00%) Dropped: 1 (0.00%)
TrimmomaticPE: Completed successfully
Sample: Cv5785_30_NY_1_4
TrimmomaticPE: Started with arguments:
 -threads 1 -phred33 /workdir/hz269/DelBay20/raw_fastq/Cv5785_30_CKDL210000056-1a-AK11498-AK11701_HNMTKDSXY_L4_1.fq.gz /workdir/hz269/DelBay20/raw_fastq/Cv5785_30_CKDL210000056-1a-AK11498-AK11701_HNMTKDSXY_L4_2.fq.gz /workdir/hz269/DelBay20/adapter_clipped/Cv5785_30_NY_1_4_adapter_clipped_f_paired.fastq.gz /workdir/hz269/DelBay20/adapter_clipped/Cv5785_30_NY_1_4_adapter_clipped_f_unpaired.fastq.gz /workdir/hz269/DelBay20/adapter_clipped/Cv5785_30_NY_1_4_adapter_clipped_r_paired.fastq.gz /workdir/hz269/DelBay20/adapter_clipped/Cv5785_30_NY_1_4_adapter_clipped_r_unpaired.fastq.gz ILLUMINACLIP:/workdir/hz269/DelBay20/reference/NexteraPE-PE.fa:2:30:10:1:true MINLENGTH:80
Using PrefixPair: 'AGATGTGTATAAGAGACAG' and 'AGATGTGTATAAGAGACAG'
Using Long Clipping Sequence: 'GTCTCGTGGGCTCGGAGATGTGTATAAGAGACAG'
Using Long Clipping Sequence: 'TCGTCGGCAGCGTCAGATGTGTATAAGAGACAG'
Using Long Clipping Sequence: 'CTGTCTCTTATACACATCTCCGAGCCCACGAGAC'
Using Long Clipping Sequence: 'CTGTCTCTTATACACATCTGACGCTGCCGACGA'
ILLUMINACLIP: Using 1 prefix pairs, 4 forward/reverse sequences, 0 forward only sequences, 0 reverse only sequences
Input Read Pairs: 25603073 Both Surviving: 25448850 (99.40%) Forward Only Surviving: 153800 (0.60%) Reverse Only Surviving: 423 (0.00%) Dropped: 0 (0.00%)
TrimmomaticPE: Completed successfully
Sample: Cv5786_01_NY_1_4
TrimmomaticPE: Started with arguments:
 -threads 1 -phred33 /workdir/hz269/DelBay20/raw_fastq/Cv5786_01_CKDL210000056-1a-AK19840-AK11295_HNMTKDSXY_L4_1.fq.gz /workdir/hz269/DelBay20/raw_fastq/Cv5786_01_CKDL210000056-1a-AK19840-AK11295_HNMTKDSXY_L4_2.fq.gz /workdir/hz269/DelBay20/adapter_clipped/Cv5786_01_NY_1_4_adapter_clipped_f_paired.fastq.gz /workdir/hz269/DelBay20/adapter_clipped/Cv5786_01_NY_1_4_adapter_clipped_f_unpaired.fastq.gz /workdir/hz269/DelBay20/adapter_clipped/Cv5786_01_NY_1_4_adapter_clipped_r_paired.fastq.gz /workdir/hz269/DelBay20/adapter_clipped/Cv5786_01_NY_1_4_adapter_clipped_r_unpaired.fastq.gz ILLUMINACLIP:/workdir/hz269/DelBay20/reference/NexteraPE-PE.fa:2:30:10:1:true MINLENGTH:80
Using PrefixPair: 'AGATGTGTATAAGAGACAG' and 'AGATGTGTATAAGAGACAG'
Using Long Clipping Sequence: 'GTCTCGTGGGCTCGGAGATGTGTATAAGAGACAG'
Using Long Clipping Sequence: 'TCGTCGGCAGCGTCAGATGTGTATAAGAGACAG'
Using Long Clipping Sequence: 'CTGTCTCTTATACACATCTCCGAGCCCACGAGAC'
Using Long Clipping Sequence: 'CTGTCTCTTATACACATCTGACGCTGCCGACGA'
ILLUMINACLIP: Using 1 prefix pairs, 4 forward/reverse sequences, 0 forward only sequences, 0 reverse only sequences
Input Read Pairs: 9484940 Both Surviving: 9416945 (99.28%) Forward Only Surviving: 67818 (0.72%) Reverse Only Surviving: 177 (0.00%) Dropped: 0 (0.00%)
TrimmomaticPE: Completed successfully
Sample: Cv5786_02_NY_1_4
TrimmomaticPE: Started with arguments:
 -threads 1 -phred33 /workdir/hz269/DelBay20/raw_fastq/Cv5786_02_CKDL210000056-1a-5UDI2509-AK11315_HNMTKDSXY_L4_1.fq.gz /workdir/hz269/DelBay20/raw_fastq/Cv5786_02_CKDL210000056-1a-5UDI2509-AK11315_HNMTKDSXY_L4_2.fq.gz /workdir/hz269/DelBay20/adapter_clipped/Cv5786_02_NY_1_4_adapter_clipped_f_paired.fastq.gz /workdir/hz269/DelBay20/adapter_clipped/Cv5786_02_NY_1_4_adapter_clipped_f_unpaired.fastq.gz /workdir/hz269/DelBay20/adapter_clipped/Cv5786_02_NY_1_4_adapter_clipped_r_paired.fastq.gz /workdir/hz269/DelBay20/adapter_clipped/Cv5786_02_NY_1_4_adapter_clipped_r_unpaired.fastq.gz ILLUMINACLIP:/workdir/hz269/DelBay20/reference/NexteraPE-PE.fa:2:30:10:1:true MINLENGTH:80
Using PrefixPair: 'AGATGTGTATAAGAGACAG' and 'AGATGTGTATAAGAGACAG'
Using Long Clipping Sequence: 'GTCTCGTGGGCTCGGAGATGTGTATAAGAGACAG'
Using Long Clipping Sequence: 'TCGTCGGCAGCGTCAGATGTGTATAAGAGACAG'
Using Long Clipping Sequence: 'CTGTCTCTTATACACATCTCCGAGCCCACGAGAC'
Using Long Clipping Sequence: 'CTGTCTCTTATACACATCTGACGCTGCCGACGA'
ILLUMINACLIP: Using 1 prefix pairs, 4 forward/reverse sequences, 0 forward only sequences, 0 reverse only sequences
Input Read Pairs: 17259436 Both Surviving: 17136247 (99.29%) Forward Only Surviving: 122964 (0.71%) Reverse Only Surviving: 222 (0.00%) Dropped: 3 (0.00%)
TrimmomaticPE: Completed successfully
Sample: Cv5786_03_NY_1_4
TrimmomaticPE: Started with arguments:
 -threads 1 -phred33 /workdir/hz269/DelBay20/raw_fastq/Cv5786_03_CKDL210000056-1a-AK11303-AK17444_HNMTKDSXY_L4_1.fq.gz /workdir/hz269/DelBay20/raw_fastq/Cv5786_03_CKDL210000056-1a-AK11303-AK17444_HNMTKDSXY_L4_2.fq.gz /workdir/hz269/DelBay20/adapter_clipped/Cv5786_03_NY_1_4_adapter_clipped_f_paired.fastq.gz /workdir/hz269/DelBay20/adapter_clipped/Cv5786_03_NY_1_4_adapter_clipped_f_unpaired.fastq.gz /workdir/hz269/DelBay20/adapter_clipped/Cv5786_03_NY_1_4_adapter_clipped_r_paired.fastq.gz /workdir/hz269/DelBay20/adapter_clipped/Cv5786_03_NY_1_4_adapter_clipped_r_unpaired.fastq.gz ILLUMINACLIP:/workdir/hz269/DelBay20/reference/NexteraPE-PE.fa:2:30:10:1:true MINLENGTH:80
Using PrefixPair: 'AGATGTGTATAAGAGACAG' and 'AGATGTGTATAAGAGACAG'
Using Long Clipping Sequence: 'GTCTCGTGGGCTCGGAGATGTGTATAAGAGACAG'
Using Long Clipping Sequence: 'TCGTCGGCAGCGTCAGATGTGTATAAGAGACAG'
Using Long Clipping Sequence: 'CTGTCTCTTATACACATCTCCGAGCCCACGAGAC'
Using Long Clipping Sequence: 'CTGTCTCTTATACACATCTGACGCTGCCGACGA'
ILLUMINACLIP: Using 1 prefix pairs, 4 forward/reverse sequences, 0 forward only sequences, 0 reverse only sequences
Input Read Pairs: 8467315 Both Surviving: 8410205 (99.33%) Forward Only Surviving: 56950 (0.67%) Reverse Only Surviving: 160 (0.00%) Dropped: 0 (0.00%)
TrimmomaticPE: Completed successfully
Sample: Cv5786_04_NY_1_4
TrimmomaticPE: Started with arguments:
 -threads 1 -phred33 /workdir/hz269/DelBay20/raw_fastq/Cv5786_04_CKDL210000056-1a-AK11128-AK14729_HNMTKDSXY_L4_1.fq.gz /workdir/hz269/DelBay20/raw_fastq/Cv5786_04_CKDL210000056-1a-AK11128-AK14729_HNMTKDSXY_L4_2.fq.gz /workdir/hz269/DelBay20/adapter_clipped/Cv5786_04_NY_1_4_adapter_clipped_f_paired.fastq.gz /workdir/hz269/DelBay20/adapter_clipped/Cv5786_04_NY_1_4_adapter_clipped_f_unpaired.fastq.gz /workdir/hz269/DelBay20/adapter_clipped/Cv5786_04_NY_1_4_adapter_clipped_r_paired.fastq.gz /workdir/hz269/DelBay20/adapter_clipped/Cv5786_04_NY_1_4_adapter_clipped_r_unpaired.fastq.gz ILLUMINACLIP:/workdir/hz269/DelBay20/reference/NexteraPE-PE.fa:2:30:10:1:true MINLENGTH:80
Using PrefixPair: 'AGATGTGTATAAGAGACAG' and 'AGATGTGTATAAGAGACAG'
Using Long Clipping Sequence: 'GTCTCGTGGGCTCGGAGATGTGTATAAGAGACAG'
Using Long Clipping Sequence: 'TCGTCGGCAGCGTCAGATGTGTATAAGAGACAG'
Using Long Clipping Sequence: 'CTGTCTCTTATACACATCTCCGAGCCCACGAGAC'
Using Long Clipping Sequence: 'CTGTCTCTTATACACATCTGACGCTGCCGACGA'
ILLUMINACLIP: Using 1 prefix pairs, 4 forward/reverse sequences, 0 forward only sequences, 0 reverse only sequences
Input Read Pairs: 8864024 Both Surviving: 8803521 (99.32%) Forward Only Surviving: 60336 (0.68%) Reverse Only Surviving: 166 (0.00%) Dropped: 1 (0.00%)
TrimmomaticPE: Completed successfully
Sample: Cv5786_05_NY_1_4
TrimmomaticPE: Started with arguments:
 -threads 1 -phred33 /workdir/hz269/DelBay20/raw_fastq/Cv5786_05_CKDL210000056-1a-AK17050-AK17449_HNMTKDSXY_L4_1.fq.gz /workdir/hz269/DelBay20/raw_fastq/Cv5786_05_CKDL210000056-1a-AK17050-AK17449_HNMTKDSXY_L4_2.fq.gz /workdir/hz269/DelBay20/adapter_clipped/Cv5786_05_NY_1_4_adapter_clipped_f_paired.fastq.gz /workdir/hz269/DelBay20/adapter_clipped/Cv5786_05_NY_1_4_adapter_clipped_f_unpaired.fastq.gz /workdir/hz269/DelBay20/adapter_clipped/Cv5786_05_NY_1_4_adapter_clipped_r_paired.fastq.gz /workdir/hz269/DelBay20/adapter_clipped/Cv5786_05_NY_1_4_adapter_clipped_r_unpaired.fastq.gz ILLUMINACLIP:/workdir/hz269/DelBay20/reference/NexteraPE-PE.fa:2:30:10:1:true MINLENGTH:80
Using PrefixPair: 'AGATGTGTATAAGAGACAG' and 'AGATGTGTATAAGAGACAG'
Using Long Clipping Sequence: 'GTCTCGTGGGCTCGGAGATGTGTATAAGAGACAG'
Using Long Clipping Sequence: 'TCGTCGGCAGCGTCAGATGTGTATAAGAGACAG'
Using Long Clipping Sequence: 'CTGTCTCTTATACACATCTCCGAGCCCACGAGAC'
Using Long Clipping Sequence: 'CTGTCTCTTATACACATCTGACGCTGCCGACGA'
ILLUMINACLIP: Using 1 prefix pairs, 4 forward/reverse sequences, 0 forward only sequences, 0 reverse only sequences
Input Read Pairs: 2687127 Both Surviving: 2649672 (98.61%) Forward Only Surviving: 37399 (1.39%) Reverse Only Surviving: 56 (0.00%) Dropped: 0 (0.00%)
TrimmomaticPE: Completed successfully
Sample: Cv5786_06_NY_1_4
TrimmomaticPE: Started with arguments:
 -threads 1 -phred33 /workdir/hz269/DelBay20/raw_fastq/Cv5786_06_CKDL210000056-1a-AK17069-7UDI871_HNMTKDSXY_L4_1.fq.gz /workdir/hz269/DelBay20/raw_fastq/Cv5786_06_CKDL210000056-1a-AK17069-7UDI871_HNMTKDSXY_L4_2.fq.gz /workdir/hz269/DelBay20/adapter_clipped/Cv5786_06_NY_1_4_adapter_clipped_f_paired.fastq.gz /workdir/hz269/DelBay20/adapter_clipped/Cv5786_06_NY_1_4_adapter_clipped_f_unpaired.fastq.gz /workdir/hz269/DelBay20/adapter_clipped/Cv5786_06_NY_1_4_adapter_clipped_r_paired.fastq.gz /workdir/hz269/DelBay20/adapter_clipped/Cv5786_06_NY_1_4_adapter_clipped_r_unpaired.fastq.gz ILLUMINACLIP:/workdir/hz269/DelBay20/reference/NexteraPE-PE.fa:2:30:10:1:true MINLENGTH:80
Using PrefixPair: 'AGATGTGTATAAGAGACAG' and 'AGATGTGTATAAGAGACAG'
Using Long Clipping Sequence: 'GTCTCGTGGGCTCGGAGATGTGTATAAGAGACAG'
Using Long Clipping Sequence: 'TCGTCGGCAGCGTCAGATGTGTATAAGAGACAG'
Using Long Clipping Sequence: 'CTGTCTCTTATACACATCTCCGAGCCCACGAGAC'
Using Long Clipping Sequence: 'CTGTCTCTTATACACATCTGACGCTGCCGACGA'
ILLUMINACLIP: Using 1 prefix pairs, 4 forward/reverse sequences, 0 forward only sequences, 0 reverse only sequences
Input Read Pairs: 10172289 Both Surviving: 10094518 (99.24%) Forward Only Surviving: 77600 (0.76%) Reverse Only Surviving: 171 (0.00%) Dropped: 0 (0.00%)
TrimmomaticPE: Completed successfully
Sample: Cv5786_07_NY_1_4
TrimmomaticPE: Started with arguments:
 -threads 1 -phred33 /workdir/hz269/DelBay20/raw_fastq/Cv5786_07_CKDL210000056-1a-AK12657-AK11212_HNMTKDSXY_L4_1.fq.gz /workdir/hz269/DelBay20/raw_fastq/Cv5786_07_CKDL210000056-1a-AK12657-AK11212_HNMTKDSXY_L4_2.fq.gz /workdir/hz269/DelBay20/adapter_clipped/Cv5786_07_NY_1_4_adapter_clipped_f_paired.fastq.gz /workdir/hz269/DelBay20/adapter_clipped/Cv5786_07_NY_1_4_adapter_clipped_f_unpaired.fastq.gz /workdir/hz269/DelBay20/adapter_clipped/Cv5786_07_NY_1_4_adapter_clipped_r_paired.fastq.gz /workdir/hz269/DelBay20/adapter_clipped/Cv5786_07_NY_1_4_adapter_clipped_r_unpaired.fastq.gz ILLUMINACLIP:/workdir/hz269/DelBay20/reference/NexteraPE-PE.fa:2:30:10:1:true MINLENGTH:80
Using PrefixPair: 'AGATGTGTATAAGAGACAG' and 'AGATGTGTATAAGAGACAG'
Using Long Clipping Sequence: 'GTCTCGTGGGCTCGGAGATGTGTATAAGAGACAG'
Using Long Clipping Sequence: 'TCGTCGGCAGCGTCAGATGTGTATAAGAGACAG'
Using Long Clipping Sequence: 'CTGTCTCTTATACACATCTCCGAGCCCACGAGAC'
Using Long Clipping Sequence: 'CTGTCTCTTATACACATCTGACGCTGCCGACGA'
ILLUMINACLIP: Using 1 prefix pairs, 4 forward/reverse sequences, 0 forward only sequences, 0 reverse only sequences
Input Read Pairs: 16070019 Both Surviving: 15952315 (99.27%) Forward Only Surviving: 117394 (0.73%) Reverse Only Surviving: 309 (0.00%) Dropped: 1 (0.00%)
TrimmomaticPE: Completed successfully
Sample: Cv5786_08_NY_1_4
TrimmomaticPE: Started with arguments:
 -threads 1 -phred33 /workdir/hz269/DelBay20/raw_fastq/Cv5786_08_CKDL210000056-1a-AK17026-AK11290_HNMTKDSXY_L4_1.fq.gz /workdir/hz269/DelBay20/raw_fastq/Cv5786_08_CKDL210000056-1a-AK17026-AK11290_HNMTKDSXY_L4_2.fq.gz /workdir/hz269/DelBay20/adapter_clipped/Cv5786_08_NY_1_4_adapter_clipped_f_paired.fastq.gz /workdir/hz269/DelBay20/adapter_clipped/Cv5786_08_NY_1_4_adapter_clipped_f_unpaired.fastq.gz /workdir/hz269/DelBay20/adapter_clipped/Cv5786_08_NY_1_4_adapter_clipped_r_paired.fastq.gz /workdir/hz269/DelBay20/adapter_clipped/Cv5786_08_NY_1_4_adapter_clipped_r_unpaired.fastq.gz ILLUMINACLIP:/workdir/hz269/DelBay20/reference/NexteraPE-PE.fa:2:30:10:1:true MINLENGTH:80
Using PrefixPair: 'AGATGTGTATAAGAGACAG' and 'AGATGTGTATAAGAGACAG'
Using Long Clipping Sequence: 'GTCTCGTGGGCTCGGAGATGTGTATAAGAGACAG'
Using Long Clipping Sequence: 'TCGTCGGCAGCGTCAGATGTGTATAAGAGACAG'
Using Long Clipping Sequence: 'CTGTCTCTTATACACATCTCCGAGCCCACGAGAC'
Using Long Clipping Sequence: 'CTGTCTCTTATACACATCTGACGCTGCCGACGA'
ILLUMINACLIP: Using 1 prefix pairs, 4 forward/reverse sequences, 0 forward only sequences, 0 reverse only sequences
Input Read Pairs: 10144552 Both Surviving: 10074532 (99.31%) Forward Only Surviving: 69845 (0.69%) Reverse Only Surviving: 174 (0.00%) Dropped: 1 (0.00%)
TrimmomaticPE: Completed successfully
Runtime: 5:10:30 (hh:mm:ss)
