Sample: Cv305_REF_1_4
TrimmomaticPE: Started with arguments:
 -threads 1 -phred33 /workdir/hz269/DelBay20/raw_fastq/Cv305_CKDL210000056-1a-AK11110-AK11165_HNMTKDSXY_L4_1.fq.gz /workdir/hz269/DelBay20/raw_fastq/Cv305_CKDL210000056-1a-AK11110-AK11165_HNMTKDSXY_L4_2.fq.gz /workdir/hz269/DelBay20/adapter_clipped/Cv305_REF_1_4_adapter_clipped_f_paired.fastq.gz /workdir/hz269/DelBay20/adapter_clipped/Cv305_REF_1_4_adapter_clipped_f_unpaired.fastq.gz /workdir/hz269/DelBay20/adapter_clipped/Cv305_REF_1_4_adapter_clipped_r_paired.fastq.gz /workdir/hz269/DelBay20/adapter_clipped/Cv305_REF_1_4_adapter_clipped_r_unpaired.fastq.gz ILLUMINACLIP:/workdir/hz269/DelBay20/reference/NexteraPE-PE.fa:2:30:10:1:true MINLENGTH:80
Using PrefixPair: 'AGATGTGTATAAGAGACAG' and 'AGATGTGTATAAGAGACAG'
Using Long Clipping Sequence: 'GTCTCGTGGGCTCGGAGATGTGTATAAGAGACAG'
Using Long Clipping Sequence: 'TCGTCGGCAGCGTCAGATGTGTATAAGAGACAG'
Using Long Clipping Sequence: 'CTGTCTCTTATACACATCTCCGAGCCCACGAGAC'
Using Long Clipping Sequence: 'CTGTCTCTTATACACATCTGACGCTGCCGACGA'
ILLUMINACLIP: Using 1 prefix pairs, 4 forward/reverse sequences, 0 forward only sequences, 0 reverse only sequences
Input Read Pairs: 19716767 Both Surviving: 19538606 (99.10%) Forward Only Surviving: 177811 (0.90%) Reverse Only Surviving: 346 (0.00%) Dropped: 4 (0.00%)
TrimmomaticPE: Completed successfully
Sample: Cv311_CHR_1_4
TrimmomaticPE: Started with arguments:
 -threads 1 -phred33 /workdir/hz269/DelBay20/raw_fastq/Cv311_CKDL210000056-1a-AK11286-AK12642_HNMTKDSXY_L4_1.fq.gz /workdir/hz269/DelBay20/raw_fastq/Cv311_CKDL210000056-1a-AK11286-AK12642_HNMTKDSXY_L4_2.fq.gz /workdir/hz269/DelBay20/adapter_clipped/Cv311_CHR_1_4_adapter_clipped_f_paired.fastq.gz /workdir/hz269/DelBay20/adapter_clipped/Cv311_CHR_1_4_adapter_clipped_f_unpaired.fastq.gz /workdir/hz269/DelBay20/adapter_clipped/Cv311_CHR_1_4_adapter_clipped_r_paired.fastq.gz /workdir/hz269/DelBay20/adapter_clipped/Cv311_CHR_1_4_adapter_clipped_r_unpaired.fastq.gz ILLUMINACLIP:/workdir/hz269/DelBay20/reference/NexteraPE-PE.fa:2:30:10:1:true MINLENGTH:80
Using PrefixPair: 'AGATGTGTATAAGAGACAG' and 'AGATGTGTATAAGAGACAG'
Using Long Clipping Sequence: 'GTCTCGTGGGCTCGGAGATGTGTATAAGAGACAG'
Using Long Clipping Sequence: 'TCGTCGGCAGCGTCAGATGTGTATAAGAGACAG'
Using Long Clipping Sequence: 'CTGTCTCTTATACACATCTCCGAGCCCACGAGAC'
Using Long Clipping Sequence: 'CTGTCTCTTATACACATCTGACGCTGCCGACGA'
ILLUMINACLIP: Using 1 prefix pairs, 4 forward/reverse sequences, 0 forward only sequences, 0 reverse only sequences
Input Read Pairs: 26159553 Both Surviving: 25998444 (99.38%) Forward Only Surviving: 160665 (0.61%) Reverse Only Surviving: 443 (0.00%) Dropped: 1 (0.00%)
TrimmomaticPE: Completed successfully
Sample: Cv315_REF_1_4
TrimmomaticPE: Started with arguments:
 -threads 1 -phred33 /workdir/hz269/DelBay20/raw_fastq/Cv315_CKDL210000056-1a-AK12652-AK6706_HNMTKDSXY_L4_1.fq.gz /workdir/hz269/DelBay20/raw_fastq/Cv315_CKDL210000056-1a-AK12652-AK6706_HNMTKDSXY_L4_2.fq.gz /workdir/hz269/DelBay20/adapter_clipped/Cv315_REF_1_4_adapter_clipped_f_paired.fastq.gz /workdir/hz269/DelBay20/adapter_clipped/Cv315_REF_1_4_adapter_clipped_f_unpaired.fastq.gz /workdir/hz269/DelBay20/adapter_clipped/Cv315_REF_1_4_adapter_clipped_r_paired.fastq.gz /workdir/hz269/DelBay20/adapter_clipped/Cv315_REF_1_4_adapter_clipped_r_unpaired.fastq.gz ILLUMINACLIP:/workdir/hz269/DelBay20/reference/NexteraPE-PE.fa:2:30:10:1:true MINLENGTH:80
Using PrefixPair: 'AGATGTGTATAAGAGACAG' and 'AGATGTGTATAAGAGACAG'
Using Long Clipping Sequence: 'GTCTCGTGGGCTCGGAGATGTGTATAAGAGACAG'
Using Long Clipping Sequence: 'TCGTCGGCAGCGTCAGATGTGTATAAGAGACAG'
Using Long Clipping Sequence: 'CTGTCTCTTATACACATCTCCGAGCCCACGAGAC'
Using Long Clipping Sequence: 'CTGTCTCTTATACACATCTGACGCTGCCGACGA'
ILLUMINACLIP: Using 1 prefix pairs, 4 forward/reverse sequences, 0 forward only sequences, 0 reverse only sequences
Input Read Pairs: 20301301 Both Surviving: 20149583 (99.25%) Forward Only Surviving: 151315 (0.75%) Reverse Only Surviving: 403 (0.00%) Dropped: 0 (0.00%)
TrimmomaticPE: Completed successfully
Sample: Cv316_CHR_1_4
TrimmomaticPE: Started with arguments:
 -threads 1 -phred33 /workdir/hz269/DelBay20/raw_fastq/Cv316_CKDL210000056-1a-AK1874-AK17128_HNMTKDSXY_L4_1.fq.gz /workdir/hz269/DelBay20/raw_fastq/Cv316_CKDL210000056-1a-AK1874-AK17128_HNMTKDSXY_L4_2.fq.gz /workdir/hz269/DelBay20/adapter_clipped/Cv316_CHR_1_4_adapter_clipped_f_paired.fastq.gz /workdir/hz269/DelBay20/adapter_clipped/Cv316_CHR_1_4_adapter_clipped_f_unpaired.fastq.gz /workdir/hz269/DelBay20/adapter_clipped/Cv316_CHR_1_4_adapter_clipped_r_paired.fastq.gz /workdir/hz269/DelBay20/adapter_clipped/Cv316_CHR_1_4_adapter_clipped_r_unpaired.fastq.gz ILLUMINACLIP:/workdir/hz269/DelBay20/reference/NexteraPE-PE.fa:2:30:10:1:true MINLENGTH:80
Using PrefixPair: 'AGATGTGTATAAGAGACAG' and 'AGATGTGTATAAGAGACAG'
Using Long Clipping Sequence: 'GTCTCGTGGGCTCGGAGATGTGTATAAGAGACAG'
Using Long Clipping Sequence: 'TCGTCGGCAGCGTCAGATGTGTATAAGAGACAG'
Using Long Clipping Sequence: 'CTGTCTCTTATACACATCTCCGAGCCCACGAGAC'
Using Long Clipping Sequence: 'CTGTCTCTTATACACATCTGACGCTGCCGACGA'
ILLUMINACLIP: Using 1 prefix pairs, 4 forward/reverse sequences, 0 forward only sequences, 0 reverse only sequences
Input Read Pairs: 19110369 Both Surviving: 18968670 (99.26%) Forward Only Surviving: 141364 (0.74%) Reverse Only Surviving: 335 (0.00%) Dropped: 0 (0.00%)
TrimmomaticPE: Completed successfully
Sample: Cv318_CHR_1_4
TrimmomaticPE: Started with arguments:
 -threads 1 -phred33 /workdir/hz269/DelBay20/raw_fastq/Cv318_CKDL210000056-1a-AK11275-AK17129_HNMTKDSXY_L4_1.fq.gz /workdir/hz269/DelBay20/raw_fastq/Cv318_CKDL210000056-1a-AK11275-AK17129_HNMTKDSXY_L4_2.fq.gz /workdir/hz269/DelBay20/adapter_clipped/Cv318_CHR_1_4_adapter_clipped_f_paired.fastq.gz /workdir/hz269/DelBay20/adapter_clipped/Cv318_CHR_1_4_adapter_clipped_f_unpaired.fastq.gz /workdir/hz269/DelBay20/adapter_clipped/Cv318_CHR_1_4_adapter_clipped_r_paired.fastq.gz /workdir/hz269/DelBay20/adapter_clipped/Cv318_CHR_1_4_adapter_clipped_r_unpaired.fastq.gz ILLUMINACLIP:/workdir/hz269/DelBay20/reference/NexteraPE-PE.fa:2:30:10:1:true MINLENGTH:80
Using PrefixPair: 'AGATGTGTATAAGAGACAG' and 'AGATGTGTATAAGAGACAG'
Using Long Clipping Sequence: 'GTCTCGTGGGCTCGGAGATGTGTATAAGAGACAG'
Using Long Clipping Sequence: 'TCGTCGGCAGCGTCAGATGTGTATAAGAGACAG'
Using Long Clipping Sequence: 'CTGTCTCTTATACACATCTCCGAGCCCACGAGAC'
Using Long Clipping Sequence: 'CTGTCTCTTATACACATCTGACGCTGCCGACGA'
ILLUMINACLIP: Using 1 prefix pairs, 4 forward/reverse sequences, 0 forward only sequences, 0 reverse only sequences
Input Read Pairs: 23338398 Both Surviving: 23163281 (99.25%) Forward Only Surviving: 174755 (0.75%) Reverse Only Surviving: 360 (0.00%) Dropped: 2 (0.00%)
TrimmomaticPE: Completed successfully
Sample: Cv321_REF_1_4
TrimmomaticPE: Started with arguments:
 -threads 1 -phred33 /workdir/hz269/DelBay20/raw_fastq/Cv321_CKDL210000056-1a-AK11301-AK11140_HNMTKDSXY_L4_1.fq.gz /workdir/hz269/DelBay20/raw_fastq/Cv321_CKDL210000056-1a-AK11301-AK11140_HNMTKDSXY_L4_2.fq.gz /workdir/hz269/DelBay20/adapter_clipped/Cv321_REF_1_4_adapter_clipped_f_paired.fastq.gz /workdir/hz269/DelBay20/adapter_clipped/Cv321_REF_1_4_adapter_clipped_f_unpaired.fastq.gz /workdir/hz269/DelBay20/adapter_clipped/Cv321_REF_1_4_adapter_clipped_r_paired.fastq.gz /workdir/hz269/DelBay20/adapter_clipped/Cv321_REF_1_4_adapter_clipped_r_unpaired.fastq.gz ILLUMINACLIP:/workdir/hz269/DelBay20/reference/NexteraPE-PE.fa:2:30:10:1:true MINLENGTH:80
Using PrefixPair: 'AGATGTGTATAAGAGACAG' and 'AGATGTGTATAAGAGACAG'
Using Long Clipping Sequence: 'GTCTCGTGGGCTCGGAGATGTGTATAAGAGACAG'
Using Long Clipping Sequence: 'TCGTCGGCAGCGTCAGATGTGTATAAGAGACAG'
Using Long Clipping Sequence: 'CTGTCTCTTATACACATCTCCGAGCCCACGAGAC'
Using Long Clipping Sequence: 'CTGTCTCTTATACACATCTGACGCTGCCGACGA'
ILLUMINACLIP: Using 1 prefix pairs, 4 forward/reverse sequences, 0 forward only sequences, 0 reverse only sequences
Input Read Pairs: 15099925 Both Surviving: 14964752 (99.10%) Forward Only Surviving: 134956 (0.89%) Reverse Only Surviving: 216 (0.00%) Dropped: 1 (0.00%)
TrimmomaticPE: Completed successfully
Sample: Cv326_CHR_1_4
TrimmomaticPE: Started with arguments:
 -threads 1 -phred33 /workdir/hz269/DelBay20/raw_fastq/Cv326_CKDL210000056-1a-AK11207-AK17130_HNMTKDSXY_L4_1.fq.gz /workdir/hz269/DelBay20/raw_fastq/Cv326_CKDL210000056-1a-AK11207-AK17130_HNMTKDSXY_L4_2.fq.gz /workdir/hz269/DelBay20/adapter_clipped/Cv326_CHR_1_4_adapter_clipped_f_paired.fastq.gz /workdir/hz269/DelBay20/adapter_clipped/Cv326_CHR_1_4_adapter_clipped_f_unpaired.fastq.gz /workdir/hz269/DelBay20/adapter_clipped/Cv326_CHR_1_4_adapter_clipped_r_paired.fastq.gz /workdir/hz269/DelBay20/adapter_clipped/Cv326_CHR_1_4_adapter_clipped_r_unpaired.fastq.gz ILLUMINACLIP:/workdir/hz269/DelBay20/reference/NexteraPE-PE.fa:2:30:10:1:true MINLENGTH:80
Using PrefixPair: 'AGATGTGTATAAGAGACAG' and 'AGATGTGTATAAGAGACAG'
Using Long Clipping Sequence: 'GTCTCGTGGGCTCGGAGATGTGTATAAGAGACAG'
Using Long Clipping Sequence: 'TCGTCGGCAGCGTCAGATGTGTATAAGAGACAG'
Using Long Clipping Sequence: 'CTGTCTCTTATACACATCTCCGAGCCCACGAGAC'
Using Long Clipping Sequence: 'CTGTCTCTTATACACATCTGACGCTGCCGACGA'
ILLUMINACLIP: Using 1 prefix pairs, 4 forward/reverse sequences, 0 forward only sequences, 0 reverse only sequences
Input Read Pairs: 20213759 Both Surviving: 20068972 (99.28%) Forward Only Surviving: 144640 (0.72%) Reverse Only Surviving: 147 (0.00%) Dropped: 0 (0.00%)
TrimmomaticPE: Completed successfully
Sample: Cv328_REF_1_4
TrimmomaticPE: Started with arguments:
 -threads 1 -phred33 /workdir/hz269/DelBay20/raw_fastq/Cv328_CKDL210000056-1a-AK11169-AK11138_HNMTKDSXY_L4_1.fq.gz /workdir/hz269/DelBay20/raw_fastq/Cv328_CKDL210000056-1a-AK11169-AK11138_HNMTKDSXY_L4_2.fq.gz /workdir/hz269/DelBay20/adapter_clipped/Cv328_REF_1_4_adapter_clipped_f_paired.fastq.gz /workdir/hz269/DelBay20/adapter_clipped/Cv328_REF_1_4_adapter_clipped_f_unpaired.fastq.gz /workdir/hz269/DelBay20/adapter_clipped/Cv328_REF_1_4_adapter_clipped_r_paired.fastq.gz /workdir/hz269/DelBay20/adapter_clipped/Cv328_REF_1_4_adapter_clipped_r_unpaired.fastq.gz ILLUMINACLIP:/workdir/hz269/DelBay20/reference/NexteraPE-PE.fa:2:30:10:1:true MINLENGTH:80
Using PrefixPair: 'AGATGTGTATAAGAGACAG' and 'AGATGTGTATAAGAGACAG'
Using Long Clipping Sequence: 'GTCTCGTGGGCTCGGAGATGTGTATAAGAGACAG'
Using Long Clipping Sequence: 'TCGTCGGCAGCGTCAGATGTGTATAAGAGACAG'
Using Long Clipping Sequence: 'CTGTCTCTTATACACATCTCCGAGCCCACGAGAC'
Using Long Clipping Sequence: 'CTGTCTCTTATACACATCTGACGCTGCCGACGA'
ILLUMINACLIP: Using 1 prefix pairs, 4 forward/reverse sequences, 0 forward only sequences, 0 reverse only sequences
Input Read Pairs: 13503567 Both Surviving: 13406127 (99.28%) Forward Only Surviving: 97227 (0.72%) Reverse Only Surviving: 213 (0.00%) Dropped: 0 (0.00%)
TrimmomaticPE: Completed successfully
Sample: Cv33_REF_1_4
TrimmomaticPE: Started with arguments:
 -threads 1 -phred33 /workdir/hz269/DelBay20/raw_fastq/Cv33_CKDL210000056-1a-AK11478-AK729_HNMTKDSXY_L4_1.fq.gz /workdir/hz269/DelBay20/raw_fastq/Cv33_CKDL210000056-1a-AK11478-AK729_HNMTKDSXY_L4_2.fq.gz /workdir/hz269/DelBay20/adapter_clipped/Cv33_REF_1_4_adapter_clipped_f_paired.fastq.gz /workdir/hz269/DelBay20/adapter_clipped/Cv33_REF_1_4_adapter_clipped_f_unpaired.fastq.gz /workdir/hz269/DelBay20/adapter_clipped/Cv33_REF_1_4_adapter_clipped_r_paired.fastq.gz /workdir/hz269/DelBay20/adapter_clipped/Cv33_REF_1_4_adapter_clipped_r_unpaired.fastq.gz ILLUMINACLIP:/workdir/hz269/DelBay20/reference/NexteraPE-PE.fa:2:30:10:1:true MINLENGTH:80
Using PrefixPair: 'AGATGTGTATAAGAGACAG' and 'AGATGTGTATAAGAGACAG'
Using Long Clipping Sequence: 'GTCTCGTGGGCTCGGAGATGTGTATAAGAGACAG'
Using Long Clipping Sequence: 'TCGTCGGCAGCGTCAGATGTGTATAAGAGACAG'
Using Long Clipping Sequence: 'CTGTCTCTTATACACATCTCCGAGCCCACGAGAC'
Using Long Clipping Sequence: 'CTGTCTCTTATACACATCTGACGCTGCCGACGA'
ILLUMINACLIP: Using 1 prefix pairs, 4 forward/reverse sequences, 0 forward only sequences, 0 reverse only sequences
Input Read Pairs: 22120035 Both Surviving: 21914936 (99.07%) Forward Only Surviving: 204894 (0.93%) Reverse Only Surviving: 204 (0.00%) Dropped: 1 (0.00%)
TrimmomaticPE: Completed successfully
Sample: Cv330_REF_1_4
TrimmomaticPE: Started with arguments:
 -threads 1 -phred33 /workdir/hz269/DelBay20/raw_fastq/Cv330_CKDL210000056-1a-AK11167-AK13894_HNMTKDSXY_L4_1.fq.gz /workdir/hz269/DelBay20/raw_fastq/Cv330_CKDL210000056-1a-AK11167-AK13894_HNMTKDSXY_L4_2.fq.gz /workdir/hz269/DelBay20/adapter_clipped/Cv330_REF_1_4_adapter_clipped_f_paired.fastq.gz /workdir/hz269/DelBay20/adapter_clipped/Cv330_REF_1_4_adapter_clipped_f_unpaired.fastq.gz /workdir/hz269/DelBay20/adapter_clipped/Cv330_REF_1_4_adapter_clipped_r_paired.fastq.gz /workdir/hz269/DelBay20/adapter_clipped/Cv330_REF_1_4_adapter_clipped_r_unpaired.fastq.gz ILLUMINACLIP:/workdir/hz269/DelBay20/reference/NexteraPE-PE.fa:2:30:10:1:true MINLENGTH:80
Using PrefixPair: 'AGATGTGTATAAGAGACAG' and 'AGATGTGTATAAGAGACAG'
Using Long Clipping Sequence: 'GTCTCGTGGGCTCGGAGATGTGTATAAGAGACAG'
Using Long Clipping Sequence: 'TCGTCGGCAGCGTCAGATGTGTATAAGAGACAG'
Using Long Clipping Sequence: 'CTGTCTCTTATACACATCTCCGAGCCCACGAGAC'
Using Long Clipping Sequence: 'CTGTCTCTTATACACATCTGACGCTGCCGACGA'
ILLUMINACLIP: Using 1 prefix pairs, 4 forward/reverse sequences, 0 forward only sequences, 0 reverse only sequences
Input Read Pairs: 18800898 Both Surviving: 18657001 (99.23%) Forward Only Surviving: 143540 (0.76%) Reverse Only Surviving: 357 (0.00%) Dropped: 0 (0.00%)
TrimmomaticPE: Completed successfully
Runtime: 6:44:26 (hh:mm:ss)
